[0.016s] Invoking command in '/home/alex/Programming/ROS2/Ingenia/Gazebo-Simu/Simulation_ws/build/irobot_create_ignition_plugins': CMAKE_PREFIX_PATH=/opt/ros/humble /usr/bin/cmake /home/alex/Programming/ROS2/Ingenia/Gazebo-Simu/Simulation_ws/src/create3_sim/irobot_create_ignition/irobot_create_ignition_plugins -DAMENT_CMAKE_SYMLINK_INSTALL=1 -DCMAKE_INSTALL_PREFIX=/home/alex/Programming/ROS2/Ingenia/Gazebo-Simu/Simulation_ws/install/irobot_create_ignition_plugins
[0.142s] -- The C compiler identification is GNU 11.4.0
[0.255s] -- The CXX compiler identification is GNU 11.4.0
[0.264s] -- Detecting C compiler ABI info
[0.359s] -- Detecting C compiler ABI info - done
[0.369s] -- Check for working C compiler: /usr/bin/cc - skipped
[0.369s] -- Detecting C compile features
[0.370s] -- Detecting C compile features - done
[0.374s] -- Detecting CXX compiler ABI info
[0.472s] -- Detecting CXX compiler ABI info - done
[0.482s] -- Check for working CXX compiler: /usr/bin/c++ - skipped
[0.482s] -- Detecting CXX compile features
[0.483s] -- Detecting CXX compile features - done
[0.491s] -- Found ament_cmake: 1.3.8 (/opt/ros/humble/share/ament_cmake/cmake)
[0.679s] -- Found Python3: /usr/bin/python3 (found version "3.10.12") found components: Interpreter 
[0.767s] -- Override CMake install command with custom implementation using symlinks instead of copying resources
[1.222s] -- Found Protobuf: /usr/lib/x86_64-linux-gnu/libprotobuf.so (found version "3.12.4") 
[1.364s] -- Found Protobuf: /usr/lib/x86_64-linux-gnu/libprotobuf.so (found suitable version "3.12.4", minimum required is "3") 
[2.198s] -- Found Protobuf: /usr/lib/x86_64-linux-gnu/libprotobuf.so (found version "3.12.4") 
[2.310s] -- Found ament_lint_auto: 0.12.10 (/opt/ros/humble/share/ament_lint_auto/cmake)
[2.408s] -- Added test 'cppcheck' to perform static code analysis on C / C++ code
[2.409s] -- Configured cppcheck include dirs: 
[2.409s] -- Configured cppcheck exclude dirs and/or files: 
[2.410s] -- Added test 'cpplint' to check C / C++ code against the Google style
[2.410s] -- Configured cpplint exclude dirs and/or files: 
[2.411s] -- Added test 'lint_cmake' to check CMake code style
[2.412s] -- Added test 'xmllint' to check XML markup files
[2.414s] -- Configuring done
[2.442s] -- Generating done
[2.445s] -- Build files have been written to: /home/alex/Programming/ROS2/Ingenia/Gazebo-Simu/Simulation_ws/build/irobot_create_ignition_plugins
[2.464s] Invoked command in '/home/alex/Programming/ROS2/Ingenia/Gazebo-Simu/Simulation_ws/build/irobot_create_ignition_plugins' returned '0': CMAKE_PREFIX_PATH=/opt/ros/humble /usr/bin/cmake /home/alex/Programming/ROS2/Ingenia/Gazebo-Simu/Simulation_ws/src/create3_sim/irobot_create_ignition/irobot_create_ignition_plugins -DAMENT_CMAKE_SYMLINK_INSTALL=1 -DCMAKE_INSTALL_PREFIX=/home/alex/Programming/ROS2/Ingenia/Gazebo-Simu/Simulation_ws/install/irobot_create_ignition_plugins
[2.467s] Invoking command in '/home/alex/Programming/ROS2/Ingenia/Gazebo-Simu/Simulation_ws/build/irobot_create_ignition_plugins': CMAKE_PREFIX_PATH=/opt/ros/humble /usr/bin/cmake --build /home/alex/Programming/ROS2/Ingenia/Gazebo-Simu/Simulation_ws/build/irobot_create_ignition_plugins -- -j8 -l8
[2.531s] [ 16%] [34m[1mAutomatic MOC for target Create3Hmi[0m
[4.764s] [ 16%] Built target Create3Hmi_autogen
[4.777s] [ 33%] [34m[1mGenerating qrc_Create3Hmi.cpp[0m
[4.807s] [ 83%] [32mBuilding CXX object Create3Hmi/CMakeFiles/Create3Hmi.dir/Create3Hmi.cc.o[0m
[4.808s] [ 83%] [32mBuilding CXX object Create3Hmi/CMakeFiles/Create3Hmi.dir/Create3Hmi_autogen/mocs_compilation.cpp.o[0m
[4.808s] [ 83%] [32mBuilding CXX object Create3Hmi/CMakeFiles/Create3Hmi.dir/qrc_Create3Hmi.cpp.o[0m
