[0.015s] Invoking command in '/home/alex/Programming/ROS2/Ingenia/Gazebo-Simu/Simulation_ws/build/irobot_create_toolbox': CMAKE_PREFIX_PATH=/opt/ros/humble /usr/bin/cmake /home/alex/Programming/ROS2/Ingenia/Gazebo-Simu/Simulation_ws/src/create3_sim/irobot_create_common/irobot_create_toolbox -DAMENT_CMAKE_SYMLINK_INSTALL=1 -DCMAKE_INSTALL_PREFIX=/home/alex/Programming/ROS2/Ingenia/Gazebo-Simu/Simulation_ws/install/irobot_create_toolbox
[0.150s] -- The C compiler identification is GNU 11.4.0
[0.261s] -- The CXX compiler identification is GNU 11.4.0
[0.273s] -- Detecting C compiler ABI info
[0.368s] -- Detecting C compiler ABI info - done
[0.387s] -- Check for working C compiler: /usr/bin/cc - skipped
[0.387s] -- Detecting C compile features
[0.388s] -- Detecting C compile features - done
[0.394s] -- Detecting CXX compiler ABI info
[0.495s] -- Detecting CXX compiler ABI info - done
[0.507s] -- Check for working CXX compiler: /usr/bin/c++ - skipped
[0.508s] -- Detecting CXX compile features
[0.508s] -- Detecting CXX compile features - done
[0.511s] -- Found ament_cmake: 1.3.8 (/opt/ros/humble/share/ament_cmake/cmake)
[0.697s] -- Found Python3: /usr/bin/python3 (found version "3.10.12") found components: Interpreter 
[0.777s] -- Override CMake install command with custom implementation using symlinks instead of copying resources
[0.819s] -- Looking for ignition-math6 -- found version 6.15.1
[0.828s] -- Searching for dependencies of ignition-math6
[0.832s] -- Found rclcpp: 16.0.8 (/opt/ros/humble/share/rclcpp/cmake)
[0.898s] -- Found rosidl_generator_c: 3.1.5 (/opt/ros/humble/share/rosidl_generator_c/cmake)
[0.905s] -- Found rosidl_adapter: 3.1.5 (/opt/ros/humble/share/rosidl_adapter/cmake)
[0.918s] -- Found rosidl_generator_cpp: 3.1.5 (/opt/ros/humble/share/rosidl_generator_cpp/cmake)
[0.942s] -- Using all available rosidl_typesupport_c: rosidl_typesupport_fastrtps_c;rosidl_typesupport_introspection_c
[0.970s] -- Using all available rosidl_typesupport_cpp: rosidl_typesupport_fastrtps_cpp;rosidl_typesupport_introspection_cpp
[1.075s] -- Found rmw_implementation_cmake: 6.1.1 (/opt/ros/humble/share/rmw_implementation_cmake/cmake)
[1.079s] -- Found rmw_fastrtps_cpp: 6.2.6 (/opt/ros/humble/share/rmw_fastrtps_cpp/cmake)
[1.218s] -- Found OpenSSL: /usr/lib/x86_64-linux-gnu/libcrypto.so (found version "3.0.2")  
[1.259s] -- Found FastRTPS: /opt/ros/humble/include  
[1.330s] -- Using RMW implementation 'rmw_fastrtps_cpp' as default
[1.345s] -- Looking for pthread.h
[1.433s] -- Looking for pthread.h - found
[1.434s] -- Performing Test CMAKE_HAVE_LIBC_PTHREAD
[1.525s] -- Performing Test CMAKE_HAVE_LIBC_PTHREAD - Success
[1.526s] -- Found Threads: TRUE  
[1.758s] -- Found ament_lint_auto: 0.12.10 (/opt/ros/humble/share/ament_lint_auto/cmake)
[1.859s] -- Added test 'cppcheck' to perform static code analysis on C / C++ code
[1.860s] -- Configured cppcheck include dirs: /home/alex/Programming/ROS2/Ingenia/Gazebo-Simu/Simulation_ws/src/create3_sim/irobot_create_common/irobot_create_toolbox/include
[1.860s] -- Configured cppcheck exclude dirs and/or files: 
[1.861s] -- Added test 'cpplint' to check C / C++ code against the Google style
[1.862s] -- Configured cpplint exclude dirs and/or files: 
[1.863s] -- Added test 'lint_cmake' to check CMake code style
[1.865s] -- Added test 'uncrustify' to check C / C++ code style
[1.865s] -- Configured uncrustify additional arguments: 
[1.866s] -- Added test 'xmllint' to check XML markup files
[1.869s] -- Configuring done
[1.880s] -- Generating done
[1.883s] -- Build files have been written to: /home/alex/Programming/ROS2/Ingenia/Gazebo-Simu/Simulation_ws/build/irobot_create_toolbox
[1.896s] Invoked command in '/home/alex/Programming/ROS2/Ingenia/Gazebo-Simu/Simulation_ws/build/irobot_create_toolbox' returned '0': CMAKE_PREFIX_PATH=/opt/ros/humble /usr/bin/cmake /home/alex/Programming/ROS2/Ingenia/Gazebo-Simu/Simulation_ws/src/create3_sim/irobot_create_common/irobot_create_toolbox -DAMENT_CMAKE_SYMLINK_INSTALL=1 -DCMAKE_INSTALL_PREFIX=/home/alex/Programming/ROS2/Ingenia/Gazebo-Simu/Simulation_ws/install/irobot_create_toolbox
[1.898s] Invoking command in '/home/alex/Programming/ROS2/Ingenia/Gazebo-Simu/Simulation_ws/build/irobot_create_toolbox': CMAKE_PREFIX_PATH=/opt/ros/humble /usr/bin/cmake --build /home/alex/Programming/ROS2/Ingenia/Gazebo-Simu/Simulation_ws/build/irobot_create_toolbox -- -j8 -l8
[1.962s] [ 50%] [32mBuilding CXX object CMakeFiles/irobot_create_toolbox.dir/src/polar_coordinates.cpp.o[0m
[5.110s] [100%] [32m[1mLinking CXX shared library libirobot_create_toolbox.so[0m
[5.321s] [100%] Built target irobot_create_toolbox
[5.337s] Invoked command in '/home/alex/Programming/ROS2/Ingenia/Gazebo-Simu/Simulation_ws/build/irobot_create_toolbox' returned '0': CMAKE_PREFIX_PATH=/opt/ros/humble /usr/bin/cmake --build /home/alex/Programming/ROS2/Ingenia/Gazebo-Simu/Simulation_ws/build/irobot_create_toolbox -- -j8 -l8
[5.374s] Invoking command in '/home/alex/Programming/ROS2/Ingenia/Gazebo-Simu/Simulation_ws/build/irobot_create_toolbox': CMAKE_PREFIX_PATH=/opt/ros/humble /usr/bin/cmake --install /home/alex/Programming/ROS2/Ingenia/Gazebo-Simu/Simulation_ws/build/irobot_create_toolbox
[5.385s] -- Install configuration: ""
[5.385s] -- Execute custom install script
[5.386s] -- Symlinking: /home/alex/Programming/ROS2/Ingenia/Gazebo-Simu/Simulation_ws/install/irobot_create_toolbox/lib/libirobot_create_toolbox.so
[5.399s] -- Symlinking: /home/alex/Programming/ROS2/Ingenia/Gazebo-Simu/Simulation_ws/install/irobot_create_toolbox/include/irobot_create_toolbox/math.hpp
[5.412s] -- Symlinking: /home/alex/Programming/ROS2/Ingenia/Gazebo-Simu/Simulation_ws/install/irobot_create_toolbox/include/irobot_create_toolbox/polar_coordinates.hpp
[5.426s] -- Symlinking: /home/alex/Programming/ROS2/Ingenia/Gazebo-Simu/Simulation_ws/install/irobot_create_toolbox/include/irobot_create_toolbox/sensors/bumpers.hpp
[5.440s] -- Symlinking: /home/alex/Programming/ROS2/Ingenia/Gazebo-Simu/Simulation_ws/install/irobot_create_toolbox/share/irobot_create_toolbox/environment/library_path.sh
[5.454s] -- Symlinking: /home/alex/Programming/ROS2/Ingenia/Gazebo-Simu/Simulation_ws/install/irobot_create_toolbox/share/irobot_create_toolbox/environment/library_path.dsv
[5.467s] -- Symlinking: /home/alex/Programming/ROS2/Ingenia/Gazebo-Simu/Simulation_ws/install/irobot_create_toolbox/share/ament_index/resource_index/package_run_dependencies/irobot_create_toolbox
[5.481s] -- Symlinking: /home/alex/Programming/ROS2/Ingenia/Gazebo-Simu/Simulation_ws/install/irobot_create_toolbox/share/ament_index/resource_index/parent_prefix_path/irobot_create_toolbox
[5.494s] -- Symlinking: /home/alex/Programming/ROS2/Ingenia/Gazebo-Simu/Simulation_ws/install/irobot_create_toolbox/share/irobot_create_toolbox/environment/ament_prefix_path.sh
[5.508s] -- Symlinking: /home/alex/Programming/ROS2/Ingenia/Gazebo-Simu/Simulation_ws/install/irobot_create_toolbox/share/irobot_create_toolbox/environment/ament_prefix_path.dsv
[5.522s] -- Symlinking: /home/alex/Programming/ROS2/Ingenia/Gazebo-Simu/Simulation_ws/install/irobot_create_toolbox/share/irobot_create_toolbox/environment/path.sh
[5.534s] -- Symlinking: /home/alex/Programming/ROS2/Ingenia/Gazebo-Simu/Simulation_ws/install/irobot_create_toolbox/share/irobot_create_toolbox/environment/path.dsv
[5.547s] -- Symlinking: /home/alex/Programming/ROS2/Ingenia/Gazebo-Simu/Simulation_ws/install/irobot_create_toolbox/share/irobot_create_toolbox/local_setup.bash
[5.561s] -- Symlinking: /home/alex/Programming/ROS2/Ingenia/Gazebo-Simu/Simulation_ws/install/irobot_create_toolbox/share/irobot_create_toolbox/local_setup.sh
[5.574s] -- Symlinking: /home/alex/Programming/ROS2/Ingenia/Gazebo-Simu/Simulation_ws/install/irobot_create_toolbox/share/irobot_create_toolbox/local_setup.zsh
[5.587s] -- Symlinking: /home/alex/Programming/ROS2/Ingenia/Gazebo-Simu/Simulation_ws/install/irobot_create_toolbox/share/irobot_create_toolbox/local_setup.dsv
[5.600s] -- Symlinking: /home/alex/Programming/ROS2/Ingenia/Gazebo-Simu/Simulation_ws/install/irobot_create_toolbox/share/irobot_create_toolbox/package.dsv
[5.613s] -- Symlinking: /home/alex/Programming/ROS2/Ingenia/Gazebo-Simu/Simulation_ws/install/irobot_create_toolbox/share/ament_index/resource_index/packages/irobot_create_toolbox
[5.627s] -- Symlinking: /home/alex/Programming/ROS2/Ingenia/Gazebo-Simu/Simulation_ws/install/irobot_create_toolbox/share/irobot_create_toolbox/cmake/ament_cmake_export_include_directories-extras.cmake
[5.640s] -- Symlinking: /home/alex/Programming/ROS2/Ingenia/Gazebo-Simu/Simulation_ws/install/irobot_create_toolbox/share/irobot_create_toolbox/cmake/ament_cmake_export_libraries-extras.cmake
[5.654s] -- Symlinking: /home/alex/Programming/ROS2/Ingenia/Gazebo-Simu/Simulation_ws/install/irobot_create_toolbox/share/irobot_create_toolbox/cmake/ament_cmake_export_dependencies-extras.cmake
[5.668s] -- Symlinking: /home/alex/Programming/ROS2/Ingenia/Gazebo-Simu/Simulation_ws/install/irobot_create_toolbox/share/irobot_create_toolbox/cmake/irobot_create_toolboxConfig.cmake
[5.681s] -- Symlinking: /home/alex/Programming/ROS2/Ingenia/Gazebo-Simu/Simulation_ws/install/irobot_create_toolbox/share/irobot_create_toolbox/cmake/irobot_create_toolboxConfig-version.cmake
[5.694s] -- Symlinking: /home/alex/Programming/ROS2/Ingenia/Gazebo-Simu/Simulation_ws/install/irobot_create_toolbox/share/irobot_create_toolbox/package.xml
[5.712s] Invoked command in '/home/alex/Programming/ROS2/Ingenia/Gazebo-Simu/Simulation_ws/build/irobot_create_toolbox' returned '0': CMAKE_PREFIX_PATH=/opt/ros/humble /usr/bin/cmake --install /home/alex/Programming/ROS2/Ingenia/Gazebo-Simu/Simulation_ws/build/irobot_create_toolbox
