[35m[1mConsolidate compiler generated dependencies of target ir_intensity_publisher_lib[0m
[35m[1mConsolidate compiler generated dependencies of target hazard_publisher_lib[0m
[35m[1mConsolidate compiler generated dependencies of target hazards_vector_publisher[0m
[35m[1mConsolidate compiler generated dependencies of target motion_control[0m
[35m[1mConsolidate compiler generated dependencies of target ir_intensity_vector_publisher[0m
[35m[1mConsolidate compiler generated dependencies of target wheel_status_publisher_lib[0m
[35m[1mConsolidate compiler generated dependencies of target motion_control_lib[0m
[35m[1mConsolidate compiler generated dependencies of target wheel_status_publisher[0m
[  5%] Built target ir_intensity_publisher_lib
[ 10%] Built target motion_control
[ 16%] Built target hazards_vector_publisher
[ 21%] Built target hazard_publisher_lib
[ 27%] Built target wheel_status_publisher_lib
[ 29%] [32mBuilding CXX object CMakeFiles/motion_control_lib.dir/src/motion_control_node.cpp.o[0m
[ 32%] [32mBuilding CXX object CMakeFiles/motion_control_lib.dir/src/motion_control/docking_behavior.cpp.o[0m
[ 37%] Built target ir_intensity_vector_publisher
[ 43%] Built target wheel_status_publisher
[35m[1mConsolidate compiler generated dependencies of target robot_state[0m
[ 45%] [32mBuilding CXX object CMakeFiles/mock_publisher_lib.dir/src/mock_publisher.cpp.o[0m
[ 48%] [32mBuilding CXX object CMakeFiles/robot_state_lib.dir/src/robot_state.cpp.o[0m
[ 54%] Built target robot_state
[ 56%] [32mBuilding CXX object CMakeFiles/ui_mgr.dir/rclcpp_components/node_main_ui_mgr.cpp.o[0m
[ 59%] [32mBuilding CXX object CMakeFiles/mock_publisher.dir/rclcpp_components/node_main_mock_publisher.cpp.o[0m
[ 62%] [32mBuilding CXX object CMakeFiles/ui_mgr_lib.dir/src/ui_mgr.cpp.o[0m
[ 64%] [32mBuilding CXX object CMakeFiles/motion_control_lib.dir/src/motion_control/reflex_behavior.cpp.o[0m
