[0.039s] Invoking command in '/home/alex/Programming/ROS2/Ingenia/Gazebo-Simu/Simulation_ws/build/irobot_create_nodes': AMENT_PREFIX_PATH=/home/alex/Programming/ROS2/Ingenia/Gazebo-Simu/Simulation_ws/install/irobot_create_toolbox:${AMENT_PREFIX_PATH} CMAKE_PREFIX_PATH=/home/alex/Programming/ROS2/Ingenia/Gazebo-Simu/Simulation_ws/install/irobot_create_toolbox:/opt/ros/humble LD_LIBRARY_PATH=/home/alex/Programming/ROS2/Ingenia/Gazebo-Simu/Simulation_ws/install/irobot_create_toolbox/lib:${LD_LIBRARY_PATH} /usr/bin/cmake --build /home/alex/Programming/ROS2/Ingenia/Gazebo-Simu/Simulation_ws/build/irobot_create_nodes -- -j8 -l8
[0.121s] [35m[1mConsolidate compiler generated dependencies of target ir_intensity_publisher_lib[0m
[0.122s] [35m[1mConsolidate compiler generated dependencies of target hazard_publisher_lib[0m
[0.125s] [35m[1mConsolidate compiler generated dependencies of target hazards_vector_publisher[0m
[0.125s] [35m[1mConsolidate compiler generated dependencies of target motion_control[0m
[0.140s] [35m[1mConsolidate compiler generated dependencies of target ir_intensity_vector_publisher[0m
[0.140s] [35m[1mConsolidate compiler generated dependencies of target wheel_status_publisher_lib[0m
[0.143s] [35m[1mConsolidate compiler generated dependencies of target motion_control_lib[0m
[0.151s] [35m[1mConsolidate compiler generated dependencies of target wheel_status_publisher[0m
[0.181s] [  5%] Built target ir_intensity_publisher_lib
[0.192s] [ 10%] Built target motion_control
[0.193s] [ 16%] Built target hazards_vector_publisher
[0.198s] [ 21%] Built target hazard_publisher_lib
[0.200s] [ 27%] Built target wheel_status_publisher_lib
[0.203s] [ 29%] [32mBuilding CXX object CMakeFiles/motion_control_lib.dir/src/motion_control_node.cpp.o[0m
[0.205s] [ 32%] [32mBuilding CXX object CMakeFiles/motion_control_lib.dir/src/motion_control/docking_behavior.cpp.o[0m
[0.205s] [ 37%] Built target ir_intensity_vector_publisher
[0.214s] [ 43%] Built target wheel_status_publisher
[0.236s] [35m[1mConsolidate compiler generated dependencies of target robot_state[0m
[0.278s] [ 45%] [32mBuilding CXX object CMakeFiles/mock_publisher_lib.dir/src/mock_publisher.cpp.o[0m
[0.278s] [ 48%] [32mBuilding CXX object CMakeFiles/robot_state_lib.dir/src/robot_state.cpp.o[0m
[0.305s] [ 54%] Built target robot_state
[0.318s] [ 56%] [32mBuilding CXX object CMakeFiles/ui_mgr.dir/rclcpp_components/node_main_ui_mgr.cpp.o[0m
[0.333s] [ 59%] [32mBuilding CXX object CMakeFiles/mock_publisher.dir/rclcpp_components/node_main_mock_publisher.cpp.o[0m
[0.354s] [ 62%] [32mBuilding CXX object CMakeFiles/ui_mgr_lib.dir/src/ui_mgr.cpp.o[0m
[0.370s] [ 64%] [32mBuilding CXX object CMakeFiles/motion_control_lib.dir/src/motion_control/reflex_behavior.cpp.o[0m
