[0.023s] Invoking command in '/home/alex/Programming/ROS2/Ingenia/Gazebo-Simu/Simulation_ws/build/irobot_create_ignition_toolbox': AMENT_PREFIX_PATH=/home/alex/Programming/ROS2/Ingenia/Gazebo-Simu/Simulation_ws/install/irobot_create_toolbox:${AMENT_PREFIX_PATH} CMAKE_PREFIX_PATH=/home/alex/Programming/ROS2/Ingenia/Gazebo-Simu/Simulation_ws/install/irobot_create_toolbox:/opt/ros/humble LD_LIBRARY_PATH=/home/alex/Programming/ROS2/Ingenia/Gazebo-Simu/Simulation_ws/install/irobot_create_toolbox/lib:${LD_LIBRARY_PATH} /usr/bin/cmake /home/alex/Programming/ROS2/Ingenia/Gazebo-Simu/Simulation_ws/src/create3_sim/irobot_create_ignition/irobot_create_ignition_toolbox -DAMENT_CMAKE_SYMLINK_INSTALL=1 -DCMAKE_INSTALL_PREFIX=/home/alex/Programming/ROS2/Ingenia/Gazebo-Simu/Simulation_ws/install/irobot_create_ignition_toolbox
[0.100s] -- The C compiler identification is GNU 11.4.0
[0.181s] -- The CXX compiler identification is GNU 11.4.0
[0.190s] -- Detecting C compiler ABI info
[0.289s] -- Detecting C compiler ABI info - done
[0.309s] -- Check for working C compiler: /usr/bin/cc - skipped
[0.309s] -- Detecting C compile features
[0.310s] -- Detecting C compile features - done
[0.317s] -- Detecting CXX compiler ABI info
[0.427s] -- Detecting CXX compiler ABI info - done
[0.448s] -- Check for working CXX compiler: /usr/bin/c++ - skipped
[0.448s] -- Detecting CXX compile features
[0.448s] -- Detecting CXX compile features - done
[0.452s] -- Found ament_cmake: 1.3.8 (/opt/ros/humble/share/ament_cmake/cmake)
[0.713s] -- Found Python3: /usr/bin/python3 (found version "3.10.12") found components: Interpreter 
[0.848s] -- Override CMake install command with custom implementation using symlinks instead of copying resources
[0.901s] -- Found control_msgs: 4.4.0 (/opt/ros/humble/share/control_msgs/cmake)
[0.979s] -- Found rosidl_generator_c: 3.1.5 (/opt/ros/humble/share/rosidl_generator_c/cmake)
[0.989s] -- Found rosidl_adapter: 3.1.5 (/opt/ros/humble/share/rosidl_adapter/cmake)
[1.006s] -- Found rosidl_generator_cpp: 3.1.5 (/opt/ros/humble/share/rosidl_generator_cpp/cmake)
[1.035s] -- Using all available rosidl_typesupport_c: rosidl_typesupport_fastrtps_c;rosidl_typesupport_introspection_c
[1.076s] -- Using all available rosidl_typesupport_cpp: rosidl_typesupport_fastrtps_cpp;rosidl_typesupport_introspection_cpp
[2.311s] -- Found nav_msgs: 4.2.3 (/opt/ros/humble/share/nav_msgs/cmake)
[2.519s] -- Found irobot_create_msgs: 2.1.0 (/opt/ros/humble/share/irobot_create_msgs/cmake)
[2.749s] -- Found rclcpp: 16.0.8 (/opt/ros/humble/share/rclcpp/cmake)
[2.833s] -- Found rmw_implementation_cmake: 6.1.1 (/opt/ros/humble/share/rmw_implementation_cmake/cmake)
[2.837s] -- Found rmw_fastrtps_cpp: 6.2.6 (/opt/ros/humble/share/rmw_fastrtps_cpp/cmake)
[2.977s] -- Found OpenSSL: /usr/lib/x86_64-linux-gnu/libcrypto.so (found version "3.0.2")  
[3.017s] -- Found FastRTPS: /opt/ros/humble/include  
[3.085s] -- Using RMW implementation 'rmw_fastrtps_cpp' as default
[3.098s] -- Looking for pthread.h
[3.192s] -- Looking for pthread.h - found
[3.193s] -- Performing Test CMAKE_HAVE_LIBC_PTHREAD
[3.287s] -- Performing Test CMAKE_HAVE_LIBC_PTHREAD - Success
[3.289s] -- Found Threads: TRUE  
[3.587s] -- Found rclcpp_action: 16.0.8 (/opt/ros/humble/share/rclcpp_action/cmake)
[3.641s] -- Found tf2: 0.25.6 (/opt/ros/humble/share/tf2/cmake)
[3.666s] -- Found tf2_geometry_msgs: 0.25.6 (/opt/ros/humble/share/tf2_geometry_msgs/cmake)
[3.687s] -- Found eigen3_cmake_module: 0.1.1 (/opt/ros/humble/share/eigen3_cmake_module/cmake)
[3.689s] -- Found Eigen3: TRUE (found version "3.4.0") 
[3.689s] -- Ensuring Eigen3 include directory is part of orocos-kdl CMake target
[4.188s] -- Found irobot_create_toolbox: 2.0.0 (/home/alex/Programming/ROS2/Ingenia/Gazebo-Simu/Simulation_ws/install/irobot_create_toolbox/share/irobot_create_toolbox/cmake)
[5.309s] -- Found ament_lint_auto: 0.12.10 (/opt/ros/humble/share/ament_lint_auto/cmake)
[5.712s] -- Added test 'cppcheck' to perform static code analysis on C / C++ code
[5.727s] -- Configured cppcheck include dirs: /home/alex/Programming/ROS2/Ingenia/Gazebo-Simu/Simulation_ws/src/create3_sim/irobot_create_ignition/irobot_create_ignition_toolbox/include
[5.727s] -- Configured cppcheck exclude dirs and/or files: 
[5.732s] -- Added test 'cpplint' to check C / C++ code against the Google style
[5.733s] -- Configured cpplint exclude dirs and/or files: 
[5.736s] -- Added test 'lint_cmake' to check CMake code style
[5.759s] -- Added test 'uncrustify' to check C / C++ code style
[5.759s] -- Configured uncrustify additional arguments: 
[5.761s] -- Added test 'xmllint' to check XML markup files
[5.770s] -- Configuring done
[6.077s] -- Generating done
[6.100s] -- Build files have been written to: /home/alex/Programming/ROS2/Ingenia/Gazebo-Simu/Simulation_ws/build/irobot_create_ignition_toolbox
[6.171s] Invoked command in '/home/alex/Programming/ROS2/Ingenia/Gazebo-Simu/Simulation_ws/build/irobot_create_ignition_toolbox' returned '0': AMENT_PREFIX_PATH=/home/alex/Programming/ROS2/Ingenia/Gazebo-Simu/Simulation_ws/install/irobot_create_toolbox:${AMENT_PREFIX_PATH} CMAKE_PREFIX_PATH=/home/alex/Programming/ROS2/Ingenia/Gazebo-Simu/Simulation_ws/install/irobot_create_toolbox:/opt/ros/humble LD_LIBRARY_PATH=/home/alex/Programming/ROS2/Ingenia/Gazebo-Simu/Simulation_ws/install/irobot_create_toolbox/lib:${LD_LIBRARY_PATH} /usr/bin/cmake /home/alex/Programming/ROS2/Ingenia/Gazebo-Simu/Simulation_ws/src/create3_sim/irobot_create_ignition/irobot_create_ignition_toolbox -DAMENT_CMAKE_SYMLINK_INSTALL=1 -DCMAKE_INSTALL_PREFIX=/home/alex/Programming/ROS2/Ingenia/Gazebo-Simu/Simulation_ws/install/irobot_create_ignition_toolbox
[6.172s] Invoking command in '/home/alex/Programming/ROS2/Ingenia/Gazebo-Simu/Simulation_ws/build/irobot_create_ignition_toolbox': AMENT_PREFIX_PATH=/home/alex/Programming/ROS2/Ingenia/Gazebo-Simu/Simulation_ws/install/irobot_create_toolbox:${AMENT_PREFIX_PATH} CMAKE_PREFIX_PATH=/home/alex/Programming/ROS2/Ingenia/Gazebo-Simu/Simulation_ws/install/irobot_create_toolbox:/opt/ros/humble LD_LIBRARY_PATH=/home/alex/Programming/ROS2/Ingenia/Gazebo-Simu/Simulation_ws/install/irobot_create_toolbox/lib:${LD_LIBRARY_PATH} /usr/bin/cmake --build /home/alex/Programming/ROS2/Ingenia/Gazebo-Simu/Simulation_ws/build/irobot_create_ignition_toolbox -- -j8 -l8
[6.536s] [  5%] [32mBuilding CXX object CMakeFiles/irobot_create_ignition_pose_republisher_lib.dir/src/pose_republisher/pose_republisher_node.cpp.o[0m
[6.587s] [ 11%] [32mBuilding CXX object CMakeFiles/irobot_create_ignition_interface_buttons_lib.dir/src/interface_buttons/interface_buttons_node.cpp.o[0m
[6.605s] [ 16%] [32mBuilding CXX object CMakeFiles/irobot_create_ignition_sensors_lib.dir/src/sensors/sensors_node.cpp.o[0m
[6.631s] [ 22%] [32mBuilding CXX object CMakeFiles/irobot_create_ignition_sensors_lib.dir/src/sensors/bumper.cpp.o[0m
[6.640s] [ 27%] [32mBuilding CXX object CMakeFiles/irobot_create_ignition_sensors_lib.dir/src/sensors/cliff.cpp.o[0m
[6.667s] [ 33%] [32mBuilding CXX object CMakeFiles/irobot_create_ignition_sensors_lib.dir/src/sensors/ir_intensity.cpp.o[0m
[6.685s] [ 38%] [32mBuilding CXX object CMakeFiles/irobot_create_ignition_sensors_lib.dir/src/sensors/ir_opcode.cpp.o[0m
[6.787s] [ 44%] [32mBuilding CXX object CMakeFiles/irobot_create_ignition_sensors_lib.dir/src/sensors/mouse.cpp.o[0m
