[0.026s] Invoking command in '/home/alex/Programming/ROS2/Ingenia/Gazebo-Simu/Simulation_ws/build/irobot_create_gazebo_plugins': AMENT_PREFIX_PATH=/home/alex/Programming/ROS2/Ingenia/Gazebo-Simu/Simulation_ws/install/irobot_create_toolbox:${AMENT_PREFIX_PATH} CMAKE_PREFIX_PATH=/home/alex/Programming/ROS2/Ingenia/Gazebo-Simu/Simulation_ws/install/irobot_create_toolbox:/opt/ros/humble LD_LIBRARY_PATH=/home/alex/Programming/ROS2/Ingenia/Gazebo-Simu/Simulation_ws/install/irobot_create_toolbox/lib:${LD_LIBRARY_PATH} /usr/bin/cmake /home/alex/Programming/ROS2/Ingenia/Gazebo-Simu/Simulation_ws/src/create3_sim/irobot_create_gazebo/irobot_create_gazebo_plugins -DAMENT_CMAKE_SYMLINK_INSTALL=1 -DCMAKE_INSTALL_PREFIX=/home/alex/Programming/ROS2/Ingenia/Gazebo-Simu/Simulation_ws/install/irobot_create_gazebo_plugins
[0.131s] -- The C compiler identification is GNU 11.4.0
[0.222s] -- The CXX compiler identification is GNU 11.4.0
[0.232s] -- Detecting C compiler ABI info
[0.334s] -- Detecting C compiler ABI info - done
[0.352s] -- Check for working C compiler: /usr/bin/cc - skipped
[0.353s] -- Detecting C compile features
[0.353s] -- Detecting C compile features - done
[0.359s] -- Detecting CXX compiler ABI info
[0.485s] -- Detecting CXX compiler ABI info - done
[0.495s] -- Check for working CXX compiler: /usr/bin/c++ - skipped
[0.496s] -- Detecting CXX compile features
[0.496s] -- Detecting CXX compile features - done
[0.500s] -- Found ament_cmake: 1.3.8 (/opt/ros/humble/share/ament_cmake/cmake)
[0.759s] -- Found Python3: /usr/bin/python3 (found version "3.10.12") found components: Interpreter 
[0.880s] -- Override CMake install command with custom implementation using symlinks instead of copying resources
[0.930s] -- Found geometry_msgs: 4.2.3 (/opt/ros/humble/share/geometry_msgs/cmake)
[0.981s] -- Found rosidl_generator_c: 3.1.5 (/opt/ros/humble/share/rosidl_generator_c/cmake)
[0.988s] -- Found rosidl_adapter: 3.1.5 (/opt/ros/humble/share/rosidl_adapter/cmake)
[0.998s] -- Found rosidl_generator_cpp: 3.1.5 (/opt/ros/humble/share/rosidl_generator_cpp/cmake)
[1.015s] -- Using all available rosidl_typesupport_c: rosidl_typesupport_fastrtps_c;rosidl_typesupport_introspection_c
[1.040s] -- Using all available rosidl_typesupport_cpp: rosidl_typesupport_fastrtps_cpp;rosidl_typesupport_introspection_cpp
[1.194s] -- Found irobot_create_msgs: 2.1.0 (/opt/ros/humble/share/irobot_create_msgs/cmake)
[1.484s] -- Found irobot_create_toolbox: 2.0.0 (/home/alex/Programming/ROS2/Ingenia/Gazebo-Simu/Simulation_ws/install/irobot_create_toolbox/share/irobot_create_toolbox/cmake)
[1.576s] -- Found rmw_implementation_cmake: 6.1.1 (/opt/ros/humble/share/rmw_implementation_cmake/cmake)
[1.580s] -- Found rmw_fastrtps_cpp: 6.2.6 (/opt/ros/humble/share/rmw_fastrtps_cpp/cmake)
[1.716s] -- Found OpenSSL: /usr/lib/x86_64-linux-gnu/libcrypto.so (found version "3.0.2")  
[1.768s] -- Found FastRTPS: /opt/ros/humble/include  
[1.837s] -- Using RMW implementation 'rmw_fastrtps_cpp' as default
[1.850s] -- Looking for pthread.h
[1.941s] -- Looking for pthread.h - found
[1.941s] -- Performing Test CMAKE_HAVE_LIBC_PTHREAD
[2.033s] -- Performing Test CMAKE_HAVE_LIBC_PTHREAD - Success
[2.034s] -- Found Threads: TRUE  
[2.212s] -- Found sensor_msgs: 4.2.3 (/opt/ros/humble/share/sensor_msgs/cmake)
[2.333s] -- Found PkgConfig: /usr/bin/pkg-config (found version "0.29.2") 
[2.334s] -- Checking for module 'bullet>=2.82'
[2.352s] --   Found bullet, version 3.05
[2.522s] -- Found fcl: /usr/include (found suitable version "0.7.0", minimum required is "0.5.0") 
[2.607s] -- Found assimp: /usr/include (found version "5.2.0") 
[2.648s] -- Found DART: /usr/include (Required is at least version "6.6") found components: dart 
[2.704s] -- Found Boost: /usr/lib/x86_64-linux-gnu/cmake/Boost-1.74.0/BoostConfig.cmake (found suitable version "1.74.0", minimum required is "1.40.0") found components: thread system filesystem program_options regex iostreams date_time 
[2.734s] -- Found Protobuf: /usr/lib/x86_64-linux-gnu/libprotobuf.so (found version "3.12.4") 
[2.740s] -- Looking for ignition-math6 -- found version 6.15.1
[2.742s] -- Looking for OGRE...
[2.743s] -- OGRE_PREFIX_WATCH changed.
[2.752s] -- Checking for module 'OGRE'
[2.776s] --   Found OGRE, version 1.9.0
[2.838s] -- Found Ogre Ghadamon (1.9.0)
[2.855s] -- Found OGRE: optimized;/usr/lib/x86_64-linux-gnu/libOgreMain.so;debug;/usr/lib/x86_64-linux-gnu/libOgreMain.so
[2.873s] -- Looking for OGRE_Paging...
[2.888s] -- Found OGRE_Paging: optimized;/usr/lib/x86_64-linux-gnu/libOgrePaging.so;debug;/usr/lib/x86_64-linux-gnu/libOgrePaging.so
[2.888s] -- Looking for OGRE_Terrain...
[2.903s] -- Found OGRE_Terrain: optimized;/usr/lib/x86_64-linux-gnu/libOgreTerrain.so;debug;/usr/lib/x86_64-linux-gnu/libOgreTerrain.so
[2.903s] -- Looking for OGRE_Property...
[2.919s] -- Found OGRE_Property: optimized;/usr/lib/x86_64-linux-gnu/libOgreProperty.so;debug;/usr/lib/x86_64-linux-gnu/libOgreProperty.so
[2.919s] -- Looking for OGRE_RTShaderSystem...
[2.935s] -- Found OGRE_RTShaderSystem: optimized;/usr/lib/x86_64-linux-gnu/libOgreRTShaderSystem.so;debug;/usr/lib/x86_64-linux-gnu/libOgreRTShaderSystem.so
[2.936s] -- Looking for OGRE_Volume...
[2.951s] -- Found OGRE_Volume: optimized;/usr/lib/x86_64-linux-gnu/libOgreVolume.so;debug;/usr/lib/x86_64-linux-gnu/libOgreVolume.so
[2.952s] -- Looking for OGRE_Overlay...
[2.970s] -- Found OGRE_Overlay: optimized;/usr/lib/x86_64-linux-gnu/libOgreOverlay.so;debug;/usr/lib/x86_64-linux-gnu/libOgreOverlay.so
[3.310s] -- Looking for ignition-math6 -- found version 6.15.1
[3.315s] -- Looking for ignition-transport8 -- found version 8.2.1
[3.316s] -- Searching for dependencies of ignition-transport8
[3.349s] -- Found Protobuf: /usr/lib/x86_64-linux-gnu/libprotobuf.so (found suitable version "3.12.4", minimum required is "3") 
[3.365s] -- Config-file not installed for ZeroMQ -- checking for pkg-config
[3.371s] -- Checking for module 'libzmq >= 4'
[3.390s] --   Found libzmq , version 4.3.4
[3.441s] -- Found ZeroMQ: TRUE (Required is at least version "4") 
[3.449s] -- Checking for module 'uuid'
[3.468s] --   Found uuid, version 2.37.2
[3.531s] -- Found UUID: TRUE  
[3.536s] -- Looking for ignition-msgs5 -- found version 5.8.1
[3.537s] -- Searching for dependencies of ignition-msgs5
[3.577s] -- Looking for ignition-math6 -- found version 6.15.1
[3.588s] -- Checking for module 'tinyxml2'
[3.614s] --   Found tinyxml2, version 9.0.0
[3.683s] -- Looking for ignition-msgs5 -- found version 5.8.1
[3.688s] -- Looking for ignition-common3 -- found version 3.14.0
[3.689s] -- Searching for dependencies of ignition-common3
[3.689s] -- Looking for dlfcn.h - found
[3.691s] -- Looking for libdl - found
[3.694s] -- Found DL: TRUE  
[3.717s] -- Found tinyobjloader: /usr/lib/x86_64-linux-gnu/cmake/tinyobjloader/tinyobjloader-config.cmake (found version "2.0.0") 
[3.718s] -- Searching for <ignition-common3> component [graphics]
[3.722s] -- Looking for ignition-common3-graphics -- found version 3.14.0
[3.723s] -- Searching for dependencies of ignition-common3-graphics
[3.724s] -- Looking for ignition-math6 -- found version 6.15.1
[3.729s] -- Looking for ignition-fuel_tools4 -- found version 4.4.0
[3.730s] -- Searching for dependencies of ignition-fuel_tools4
[3.888s] -- Found CURL: /usr/lib/x86_64-linux-gnu/libcurl.so (found version "7.81.0")  
[3.903s] -- Checking for module 'jsoncpp'
[3.927s] --   Found jsoncpp, version 1.9.5
[4.006s] -- Found JSONCPP: TRUE  
[4.021s] -- Checking for module 'libzip'
[4.139s] --   Found libzip, version 1.7.3
[4.383s] -- Found ZIP: TRUE  
[4.384s] -- Looking for ignition-common3 -- found version 3.14.0
[4.385s] -- Looking for ignition-math6 -- found version 6.15.1
[4.387s] -- Looking for ignition-msgs5 -- found version 5.8.1
[4.404s] -- Gazebo version: 11.10
[4.404s] -- Checking for module 'tbb'
[4.468s] --   Found tbb, version 2021.5.0
[5.382s] -- Found ament_lint_auto: 0.12.10 (/opt/ros/humble/share/ament_lint_auto/cmake)
[5.667s] -- Added test 'cppcheck' to perform static code analysis on C / C++ code
[5.678s] -- Configured cppcheck include dirs: /home/alex/Programming/ROS2/Ingenia/Gazebo-Simu/Simulation_ws/src/create3_sim/irobot_create_gazebo/irobot_create_gazebo_plugins/include
[5.678s] -- Configured cppcheck exclude dirs and/or files: 
[5.684s] -- Added test 'cpplint' to check C / C++ code against the Google style
[5.684s] -- Configured cpplint exclude dirs and/or files: 
[5.687s] -- Added test 'lint_cmake' to check CMake code style
[5.692s] -- Added test 'uncrustify' to check C / C++ code style
[5.693s] -- Configured uncrustify additional arguments: 
[5.696s] -- Added test 'xmllint' to check XML markup files
[5.704s] -- Configuring done
[6.498s] -- Generating done
[6.507s] -- Build files have been written to: /home/alex/Programming/ROS2/Ingenia/Gazebo-Simu/Simulation_ws/build/irobot_create_gazebo_plugins
[6.574s] Invoked command in '/home/alex/Programming/ROS2/Ingenia/Gazebo-Simu/Simulation_ws/build/irobot_create_gazebo_plugins' returned '0': AMENT_PREFIX_PATH=/home/alex/Programming/ROS2/Ingenia/Gazebo-Simu/Simulation_ws/install/irobot_create_toolbox:${AMENT_PREFIX_PATH} CMAKE_PREFIX_PATH=/home/alex/Programming/ROS2/Ingenia/Gazebo-Simu/Simulation_ws/install/irobot_create_toolbox:/opt/ros/humble LD_LIBRARY_PATH=/home/alex/Programming/ROS2/Ingenia/Gazebo-Simu/Simulation_ws/install/irobot_create_toolbox/lib:${LD_LIBRARY_PATH} /usr/bin/cmake /home/alex/Programming/ROS2/Ingenia/Gazebo-Simu/Simulation_ws/src/create3_sim/irobot_create_gazebo/irobot_create_gazebo_plugins -DAMENT_CMAKE_SYMLINK_INSTALL=1 -DCMAKE_INSTALL_PREFIX=/home/alex/Programming/ROS2/Ingenia/Gazebo-Simu/Simulation_ws/install/irobot_create_gazebo_plugins
[6.575s] Invoking command in '/home/alex/Programming/ROS2/Ingenia/Gazebo-Simu/Simulation_ws/build/irobot_create_gazebo_plugins': AMENT_PREFIX_PATH=/home/alex/Programming/ROS2/Ingenia/Gazebo-Simu/Simulation_ws/install/irobot_create_toolbox:${AMENT_PREFIX_PATH} CMAKE_PREFIX_PATH=/home/alex/Programming/ROS2/Ingenia/Gazebo-Simu/Simulation_ws/install/irobot_create_toolbox:/opt/ros/humble LD_LIBRARY_PATH=/home/alex/Programming/ROS2/Ingenia/Gazebo-Simu/Simulation_ws/install/irobot_create_toolbox/lib:${LD_LIBRARY_PATH} /usr/bin/cmake --build /home/alex/Programming/ROS2/Ingenia/Gazebo-Simu/Simulation_ws/build/irobot_create_gazebo_plugins -- -j8 -l8
[6.968s] [  5%] [32mBuilding CXX object CMakeFiles/gazebo_ros_create_helpers.dir/src/gazebo_ros_helpers.cpp.o[0m
