[ 10%] Built target gazebo_ros_create_helpers
[ 20%] [32mBuilding CXX object CMakeFiles/gazebo_ros_create_bumper.dir/src/gazebo_ros_bumper.cpp.o[0m
[ 25%] [32mBuilding CXX object CMakeFiles/gazebo_ros_create_imu.dir/src/gazebo_ros_imu.cpp.o[0m
[ 30%] [32mBuilding CXX object CMakeFiles/gazebo_ros_create_cliff_sensor.dir/src/gazebo_ros_cliff_sensor.cpp.o[0m
[ 40%] [32mBuilding CXX object CMakeFiles/docking_manager.dir/src/docking_manager.cpp.o[0m
[ 40%] [32mBuilding CXX object CMakeFiles/gazebo_ros_create_ir_intensity_sensor.dir/src/gazebo_ros_ir_intensity_sensor.cpp.o[0m
[ 45%] [32mBuilding CXX object CMakeFiles/gazebo_ros_create_optical_mouse.dir/src/gazebo_ros_optical_mouse.cpp.o[0m
[ 20%] [32mBuilding CXX object CMakeFiles/gazebo_ros_create_docking_status.dir/src/gazebo_ros_docking_status.cpp.o[0m
[ 50%] [32mBuilding CXX object CMakeFiles/gazebo_ros_create_wheel_drop.dir/src/gazebo_ros_wheel_drop.cpp.o[0m
[ 55%] [32m[1mLinking CXX shared library libgazebo_ros_create_ir_intensity_sensor.so[0m
[ 55%] Built target gazebo_ros_create_ir_intensity_sensor
[ 60%] [32m[1mLinking CXX shared library libgazebo_ros_create_imu.so[0m
[ 65%] [32m[1mLinking CXX shared library libgazebo_ros_create_wheel_drop.so[0m
[ 65%] Built target gazebo_ros_create_imu
[ 70%] [32m[1mLinking CXX shared library libdocking_manager.so[0m
[ 70%] Built target gazebo_ros_create_wheel_drop
[ 70%] Built target docking_manager
[ 75%] [32mBuilding CXX object CMakeFiles/gazebo_ros_create_ir_opcode.dir/src/gazebo_ros_ir_opcode.cpp.o[0m
[ 80%] [32m[1mLinking CXX shared library libgazebo_ros_create_optical_mouse.so[0m
[ 85%] [32m[1mLinking CXX shared library libgazebo_ros_create_docking_status.so[0m
[ 85%] Built target gazebo_ros_create_optical_mouse
[ 85%] Built target gazebo_ros_create_docking_status
[ 90%] [32m[1mLinking CXX shared library libgazebo_ros_create_cliff_sensor.so[0m
[ 90%] Built target gazebo_ros_create_cliff_sensor
[ 95%] [32m[1mLinking CXX shared library libgazebo_ros_create_bumper.so[0m
[ 95%] Built target gazebo_ros_create_bumper
[100%] [32m[1mLinking CXX shared library libgazebo_ros_create_ir_opcode.so[0m
[100%] Built target gazebo_ros_create_ir_opcode
-- Install configuration: ""
-- Execute custom install script
-- Symlinking: /home/alex/Programming/ROS2/Ingenia/Gazebo-Simu/Simulation_ws/install/irobot_create_gazebo_plugins/share/irobot_create_gazebo_plugins/environment/library_path.sh
-- Symlinking: /home/alex/Programming/ROS2/Ingenia/Gazebo-Simu/Simulation_ws/install/irobot_create_gazebo_plugins/share/irobot_create_gazebo_plugins/environment/library_path.dsv
-- Symlinking: /home/alex/Programming/ROS2/Ingenia/Gazebo-Simu/Simulation_ws/install/irobot_create_gazebo_plugins/include/irobot_create_gazebo_plugins/docking_manager.hpp
-- Symlinking: /home/alex/Programming/ROS2/Ingenia/Gazebo-Simu/Simulation_ws/install/irobot_create_gazebo_plugins/include/irobot_create_gazebo_plugins/gazebo_ros_bumper.hpp
-- Symlinking: /home/alex/Programming/ROS2/Ingenia/Gazebo-Simu/Simulation_ws/install/irobot_create_gazebo_plugins/include/irobot_create_gazebo_plugins/gazebo_ros_cliff_sensor.hpp
-- Symlinking: /home/alex/Programming/ROS2/Ingenia/Gazebo-Simu/Simulation_ws/install/irobot_create_gazebo_plugins/include/irobot_create_gazebo_plugins/gazebo_ros_docking_status.hpp
-- Symlinking: /home/alex/Programming/ROS2/Ingenia/Gazebo-Simu/Simulation_ws/install/irobot_create_gazebo_plugins/include/irobot_create_gazebo_plugins/gazebo_ros_helpers.hpp
-- Symlinking: /home/alex/Programming/ROS2/Ingenia/Gazebo-Simu/Simulation_ws/install/irobot_create_gazebo_plugins/include/irobot_create_gazebo_plugins/gazebo_ros_imu.hpp
-- Symlinking: /home/alex/Programming/ROS2/Ingenia/Gazebo-Simu/Simulation_ws/install/irobot_create_gazebo_plugins/include/irobot_create_gazebo_plugins/gazebo_ros_ir_intensity_sensor.hpp
-- Symlinking: /home/alex/Programming/ROS2/Ingenia/Gazebo-Simu/Simulation_ws/install/irobot_create_gazebo_plugins/include/irobot_create_gazebo_plugins/gazebo_ros_ir_opcode.hpp
-- Symlinking: /home/alex/Programming/ROS2/Ingenia/Gazebo-Simu/Simulation_ws/install/irobot_create_gazebo_plugins/include/irobot_create_gazebo_plugins/gazebo_ros_optical_mouse.hpp
-- Symlinking: /home/alex/Programming/ROS2/Ingenia/Gazebo-Simu/Simulation_ws/install/irobot_create_gazebo_plugins/include/irobot_create_gazebo_plugins/gazebo_ros_wheel_drop.hpp
-- Symlinking: /home/alex/Programming/ROS2/Ingenia/Gazebo-Simu/Simulation_ws/install/irobot_create_gazebo_plugins/lib/libgazebo_ros_create_bumper.so
-- Symlinking: /home/alex/Programming/ROS2/Ingenia/Gazebo-Simu/Simulation_ws/install/irobot_create_gazebo_plugins/lib/libgazebo_ros_create_cliff_sensor.so
-- Symlinking: /home/alex/Programming/ROS2/Ingenia/Gazebo-Simu/Simulation_ws/install/irobot_create_gazebo_plugins/lib/libgazebo_ros_create_docking_status.so
-- Symlinking: /home/alex/Programming/ROS2/Ingenia/Gazebo-Simu/Simulation_ws/install/irobot_create_gazebo_plugins/lib/libgazebo_ros_create_helpers.so
-- Symlinking: /home/alex/Programming/ROS2/Ingenia/Gazebo-Simu/Simulation_ws/install/irobot_create_gazebo_plugins/lib/libgazebo_ros_create_imu.so
-- Symlinking: /home/alex/Programming/ROS2/Ingenia/Gazebo-Simu/Simulation_ws/install/irobot_create_gazebo_plugins/lib/libgazebo_ros_create_ir_intensity_sensor.so
-- Symlinking: /home/alex/Programming/ROS2/Ingenia/Gazebo-Simu/Simulation_ws/install/irobot_create_gazebo_plugins/lib/libgazebo_ros_create_optical_mouse.so
-- Symlinking: /home/alex/Programming/ROS2/Ingenia/Gazebo-Simu/Simulation_ws/install/irobot_create_gazebo_plugins/lib/libgazebo_ros_create_ir_opcode.so
-- Symlinking: /home/alex/Programming/ROS2/Ingenia/Gazebo-Simu/Simulation_ws/install/irobot_create_gazebo_plugins/lib/libdocking_manager.so
-- Symlinking: /home/alex/Programming/ROS2/Ingenia/Gazebo-Simu/Simulation_ws/install/irobot_create_gazebo_plugins/lib/libgazebo_ros_create_wheel_drop.so
-- Symlinking: /home/alex/Programming/ROS2/Ingenia/Gazebo-Simu/Simulation_ws/install/irobot_create_gazebo_plugins/share/ament_index/resource_index/package_run_dependencies/irobot_create_gazebo_plugins
-- Symlinking: /home/alex/Programming/ROS2/Ingenia/Gazebo-Simu/Simulation_ws/install/irobot_create_gazebo_plugins/share/ament_index/resource_index/parent_prefix_path/irobot_create_gazebo_plugins
-- Symlinking: /home/alex/Programming/ROS2/Ingenia/Gazebo-Simu/Simulation_ws/install/irobot_create_gazebo_plugins/share/irobot_create_gazebo_plugins/environment/ament_prefix_path.sh
-- Symlinking: /home/alex/Programming/ROS2/Ingenia/Gazebo-Simu/Simulation_ws/install/irobot_create_gazebo_plugins/share/irobot_create_gazebo_plugins/environment/ament_prefix_path.dsv
-- Symlinking: /home/alex/Programming/ROS2/Ingenia/Gazebo-Simu/Simulation_ws/install/irobot_create_gazebo_plugins/share/irobot_create_gazebo_plugins/environment/path.sh
-- Symlinking: /home/alex/Programming/ROS2/Ingenia/Gazebo-Simu/Simulation_ws/install/irobot_create_gazebo_plugins/share/irobot_create_gazebo_plugins/environment/path.dsv
-- Symlinking: /home/alex/Programming/ROS2/Ingenia/Gazebo-Simu/Simulation_ws/install/irobot_create_gazebo_plugins/share/irobot_create_gazebo_plugins/local_setup.bash
-- Symlinking: /home/alex/Programming/ROS2/Ingenia/Gazebo-Simu/Simulation_ws/install/irobot_create_gazebo_plugins/share/irobot_create_gazebo_plugins/local_setup.sh
-- Symlinking: /home/alex/Programming/ROS2/Ingenia/Gazebo-Simu/Simulation_ws/install/irobot_create_gazebo_plugins/share/irobot_create_gazebo_plugins/local_setup.zsh
-- Symlinking: /home/alex/Programming/ROS2/Ingenia/Gazebo-Simu/Simulation_ws/install/irobot_create_gazebo_plugins/share/irobot_create_gazebo_plugins/local_setup.dsv
-- Symlinking: /home/alex/Programming/ROS2/Ingenia/Gazebo-Simu/Simulation_ws/install/irobot_create_gazebo_plugins/share/irobot_create_gazebo_plugins/package.dsv
-- Symlinking: /home/alex/Programming/ROS2/Ingenia/Gazebo-Simu/Simulation_ws/install/irobot_create_gazebo_plugins/share/ament_index/resource_index/packages/irobot_create_gazebo_plugins
-- Symlinking: /home/alex/Programming/ROS2/Ingenia/Gazebo-Simu/Simulation_ws/install/irobot_create_gazebo_plugins/share/irobot_create_gazebo_plugins/cmake/ament_cmake_export_libraries-extras.cmake
-- Symlinking: /home/alex/Programming/ROS2/Ingenia/Gazebo-Simu/Simulation_ws/install/irobot_create_gazebo_plugins/share/irobot_create_gazebo_plugins/cmake/ament_cmake_export_include_directories-extras.cmake
-- Symlinking: /home/alex/Programming/ROS2/Ingenia/Gazebo-Simu/Simulation_ws/install/irobot_create_gazebo_plugins/share/irobot_create_gazebo_plugins/cmake/ament_cmake_export_dependencies-extras.cmake
-- Symlinking: /home/alex/Programming/ROS2/Ingenia/Gazebo-Simu/Simulation_ws/install/irobot_create_gazebo_plugins/share/irobot_create_gazebo_plugins/cmake/irobot_create_gazebo_pluginsConfig.cmake
-- Symlinking: /home/alex/Programming/ROS2/Ingenia/Gazebo-Simu/Simulation_ws/install/irobot_create_gazebo_plugins/share/irobot_create_gazebo_plugins/cmake/irobot_create_gazebo_pluginsConfig-version.cmake
-- Symlinking: /home/alex/Programming/ROS2/Ingenia/Gazebo-Simu/Simulation_ws/install/irobot_create_gazebo_plugins/share/irobot_create_gazebo_plugins/package.xml
