[0.212s] DEBUG:colcon:Command line arguments: ['/usr/bin/colcon', 'build', '--symlink-install', '--parallel-workers', '3']
[0.212s] DEBUG:colcon:Parsed command line arguments: Namespace(log_base=None, log_level=None, verb_name='build', build_base='build', install_base='install', merge_install=False, symlink_install=True, test_result_base=None, continue_on_error=False, executor='parallel', parallel_workers=3, event_handlers=None, ignore_user_meta=False, metas=['./colcon.meta'], base_paths=['.'], packages_ignore=None, packages_ignore_regex=None, paths=None, packages_up_to=None, packages_up_to_regex=None, packages_above=None, packages_above_and_dependencies=None, packages_above_depth=None, packages_select_by_dep=None, packages_skip_by_dep=None, packages_skip_up_to=None, packages_select_build_failed=False, packages_skip_build_finished=False, packages_select_test_failures=False, packages_skip_test_passed=False, packages_select=None, packages_skip=None, packages_select_regex=None, packages_skip_regex=None, packages_start=None, packages_end=None, allow_overriding=[], cmake_args=None, cmake_target=None, cmake_target_skip_unavailable=False, cmake_clean_cache=False, cmake_clean_first=False, cmake_force_configure=False, ament_cmake_args=None, catkin_cmake_args=None, catkin_skip_building_tests=False, mixin_files=None, mixin=None, verb_parser=<colcon_mixin.mixin.mixin_argument.MixinArgumentDecorator object at 0x7b17ab43ea10>, verb_extension=<colcon_core.verb.build.BuildVerb object at 0x7b17ab5325c0>, main=<bound method BuildVerb.main of <colcon_core.verb.build.BuildVerb object at 0x7b17ab5325c0>>, mixin_verb=('build',))
[0.472s] Level 1:colcon.colcon_core.package_discovery:discover_packages(colcon_meta) check parameters
[0.473s] Level 1:colcon.colcon_core.package_discovery:discover_packages(recursive) check parameters
[0.473s] Level 1:colcon.colcon_core.package_discovery:discover_packages(ignore) check parameters
[0.473s] Level 1:colcon.colcon_core.package_discovery:discover_packages(path) check parameters
[0.473s] Level 1:colcon.colcon_core.package_discovery:discover_packages(colcon_meta) discover
[0.473s] Level 1:colcon.colcon_core.package_discovery:discover_packages(recursive) discover
[0.473s] INFO:colcon.colcon_core.package_discovery:Crawling recursively for packages in '/home/alex/Programming/ROS2/Ingenia/Gazebo-Simu/Simulation_ws'
[0.473s] Level 1:colcon.colcon_core.package_identification:_identify(.) by extensions ['ignore', 'ignore_ament_install']
[0.473s] Level 1:colcon.colcon_core.package_identification:_identify(.) by extension 'ignore'
[0.473s] Level 1:colcon.colcon_core.package_identification:_identify(.) by extension 'ignore_ament_install'
[0.473s] Level 1:colcon.colcon_core.package_identification:_identify(.) by extensions ['colcon_pkg']
[0.473s] Level 1:colcon.colcon_core.package_identification:_identify(.) by extension 'colcon_pkg'
[0.473s] Level 1:colcon.colcon_core.package_identification:_identify(.) by extensions ['colcon_meta']
[0.473s] Level 1:colcon.colcon_core.package_identification:_identify(.) by extension 'colcon_meta'
[0.473s] Level 1:colcon.colcon_core.package_identification:_identify(.) by extensions ['ros']
[0.473s] Level 1:colcon.colcon_core.package_identification:_identify(.) by extension 'ros'
[0.485s] Level 1:colcon.colcon_core.package_identification:_identify(.) by extensions ['cmake', 'python']
[0.485s] Level 1:colcon.colcon_core.package_identification:_identify(.) by extension 'cmake'
[0.485s] Level 1:colcon.colcon_core.package_identification:_identify(.) by extension 'python'
[0.485s] Level 1:colcon.colcon_core.package_identification:_identify(.) by extensions ['python_setup_py']
[0.485s] Level 1:colcon.colcon_core.package_identification:_identify(.) by extension 'python_setup_py'
[0.486s] Level 1:colcon.colcon_core.package_identification:_identify(build) by extensions ['ignore', 'ignore_ament_install']
[0.486s] Level 1:colcon.colcon_core.package_identification:_identify(build) by extension 'ignore'
[0.486s] Level 1:colcon.colcon_core.package_identification:_identify(build) ignored
[0.486s] Level 1:colcon.colcon_core.package_identification:_identify(install) by extensions ['ignore', 'ignore_ament_install']
[0.486s] Level 1:colcon.colcon_core.package_identification:_identify(install) by extension 'ignore'
[0.486s] Level 1:colcon.colcon_core.package_identification:_identify(install) ignored
[0.486s] Level 1:colcon.colcon_core.package_identification:_identify(log) by extensions ['ignore', 'ignore_ament_install']
[0.486s] Level 1:colcon.colcon_core.package_identification:_identify(log) by extension 'ignore'
[0.486s] Level 1:colcon.colcon_core.package_identification:_identify(log) ignored
[0.486s] Level 1:colcon.colcon_core.package_identification:_identify(src) by extensions ['ignore', 'ignore_ament_install']
[0.486s] Level 1:colcon.colcon_core.package_identification:_identify(src) by extension 'ignore'
[0.486s] Level 1:colcon.colcon_core.package_identification:_identify(src) by extension 'ignore_ament_install'
[0.487s] Level 1:colcon.colcon_core.package_identification:_identify(src) by extensions ['colcon_pkg']
[0.487s] Level 1:colcon.colcon_core.package_identification:_identify(src) by extension 'colcon_pkg'
[0.487s] Level 1:colcon.colcon_core.package_identification:_identify(src) by extensions ['colcon_meta']
[0.487s] Level 1:colcon.colcon_core.package_identification:_identify(src) by extension 'colcon_meta'
[0.487s] Level 1:colcon.colcon_core.package_identification:_identify(src) by extensions ['ros']
[0.487s] Level 1:colcon.colcon_core.package_identification:_identify(src) by extension 'ros'
[0.487s] Level 1:colcon.colcon_core.package_identification:_identify(src) by extensions ['cmake', 'python']
[0.487s] Level 1:colcon.colcon_core.package_identification:_identify(src) by extension 'cmake'
[0.487s] Level 1:colcon.colcon_core.package_identification:_identify(src) by extension 'python'
[0.487s] Level 1:colcon.colcon_core.package_identification:_identify(src) by extensions ['python_setup_py']
[0.487s] Level 1:colcon.colcon_core.package_identification:_identify(src) by extension 'python_setup_py'
[0.487s] Level 1:colcon.colcon_core.package_identification:_identify(src/create3_sim-main) by extensions ['ignore', 'ignore_ament_install']
[0.487s] Level 1:colcon.colcon_core.package_identification:_identify(src/create3_sim-main) by extension 'ignore'
[0.487s] Level 1:colcon.colcon_core.package_identification:_identify(src/create3_sim-main) by extension 'ignore_ament_install'
[0.487s] Level 1:colcon.colcon_core.package_identification:_identify(src/create3_sim-main) by extensions ['colcon_pkg']
[0.487s] Level 1:colcon.colcon_core.package_identification:_identify(src/create3_sim-main) by extension 'colcon_pkg'
[0.487s] Level 1:colcon.colcon_core.package_identification:_identify(src/create3_sim-main) by extensions ['colcon_meta']
[0.487s] Level 1:colcon.colcon_core.package_identification:_identify(src/create3_sim-main) by extension 'colcon_meta'
[0.487s] Level 1:colcon.colcon_core.package_identification:_identify(src/create3_sim-main) by extensions ['ros']
[0.487s] Level 1:colcon.colcon_core.package_identification:_identify(src/create3_sim-main) by extension 'ros'
[0.488s] Level 1:colcon.colcon_core.package_identification:_identify(src/create3_sim-main) by extensions ['cmake', 'python']
[0.488s] Level 1:colcon.colcon_core.package_identification:_identify(src/create3_sim-main) by extension 'cmake'
[0.488s] Level 1:colcon.colcon_core.package_identification:_identify(src/create3_sim-main) by extension 'python'
[0.488s] Level 1:colcon.colcon_core.package_identification:_identify(src/create3_sim-main) by extensions ['python_setup_py']
[0.488s] Level 1:colcon.colcon_core.package_identification:_identify(src/create3_sim-main) by extension 'python_setup_py'
[0.488s] Level 1:colcon.colcon_core.package_identification:_identify(src/create3_sim-main/irobot_create_common) by extensions ['ignore', 'ignore_ament_install']
[0.488s] Level 1:colcon.colcon_core.package_identification:_identify(src/create3_sim-main/irobot_create_common) by extension 'ignore'
[0.488s] Level 1:colcon.colcon_core.package_identification:_identify(src/create3_sim-main/irobot_create_common) by extension 'ignore_ament_install'
[0.488s] Level 1:colcon.colcon_core.package_identification:_identify(src/create3_sim-main/irobot_create_common) by extensions ['colcon_pkg']
[0.488s] Level 1:colcon.colcon_core.package_identification:_identify(src/create3_sim-main/irobot_create_common) by extension 'colcon_pkg'
[0.488s] Level 1:colcon.colcon_core.package_identification:_identify(src/create3_sim-main/irobot_create_common) by extensions ['colcon_meta']
[0.488s] Level 1:colcon.colcon_core.package_identification:_identify(src/create3_sim-main/irobot_create_common) by extension 'colcon_meta'
[0.488s] Level 1:colcon.colcon_core.package_identification:_identify(src/create3_sim-main/irobot_create_common) by extensions ['ros']
[0.488s] Level 1:colcon.colcon_core.package_identification:_identify(src/create3_sim-main/irobot_create_common) by extension 'ros'
[0.488s] Level 1:colcon.colcon_core.package_identification:_identify(src/create3_sim-main/irobot_create_common) by extensions ['cmake', 'python']
[0.488s] Level 1:colcon.colcon_core.package_identification:_identify(src/create3_sim-main/irobot_create_common) by extension 'cmake'
[0.488s] Level 1:colcon.colcon_core.package_identification:_identify(src/create3_sim-main/irobot_create_common) by extension 'python'
[0.488s] Level 1:colcon.colcon_core.package_identification:_identify(src/create3_sim-main/irobot_create_common) by extensions ['python_setup_py']
[0.489s] Level 1:colcon.colcon_core.package_identification:_identify(src/create3_sim-main/irobot_create_common) by extension 'python_setup_py'
[0.489s] Level 1:colcon.colcon_core.package_identification:_identify(src/create3_sim-main/irobot_create_common/irobot_create_common_bringup) by extensions ['ignore', 'ignore_ament_install']
[0.489s] Level 1:colcon.colcon_core.package_identification:_identify(src/create3_sim-main/irobot_create_common/irobot_create_common_bringup) by extension 'ignore'
[0.489s] Level 1:colcon.colcon_core.package_identification:_identify(src/create3_sim-main/irobot_create_common/irobot_create_common_bringup) by extension 'ignore_ament_install'
[0.489s] Level 1:colcon.colcon_core.package_identification:_identify(src/create3_sim-main/irobot_create_common/irobot_create_common_bringup) by extensions ['colcon_pkg']
[0.489s] Level 1:colcon.colcon_core.package_identification:_identify(src/create3_sim-main/irobot_create_common/irobot_create_common_bringup) by extension 'colcon_pkg'
[0.489s] Level 1:colcon.colcon_core.package_identification:_identify(src/create3_sim-main/irobot_create_common/irobot_create_common_bringup) by extensions ['colcon_meta']
[0.489s] Level 1:colcon.colcon_core.package_identification:_identify(src/create3_sim-main/irobot_create_common/irobot_create_common_bringup) by extension 'colcon_meta'
[0.489s] Level 1:colcon.colcon_core.package_identification:_identify(src/create3_sim-main/irobot_create_common/irobot_create_common_bringup) by extensions ['ros']
[0.489s] Level 1:colcon.colcon_core.package_identification:_identify(src/create3_sim-main/irobot_create_common/irobot_create_common_bringup) by extension 'ros'
[0.493s] DEBUG:colcon.colcon_core.package_identification:Package 'src/create3_sim-main/irobot_create_common/irobot_create_common_bringup' with type 'ros.ament_cmake' and name 'irobot_create_common_bringup'
[0.493s] Level 1:colcon.colcon_core.package_identification:_identify(src/create3_sim-main/irobot_create_common/irobot_create_control) by extensions ['ignore', 'ignore_ament_install']
[0.493s] Level 1:colcon.colcon_core.package_identification:_identify(src/create3_sim-main/irobot_create_common/irobot_create_control) by extension 'ignore'
[0.493s] Level 1:colcon.colcon_core.package_identification:_identify(src/create3_sim-main/irobot_create_common/irobot_create_control) by extension 'ignore_ament_install'
[0.493s] Level 1:colcon.colcon_core.package_identification:_identify(src/create3_sim-main/irobot_create_common/irobot_create_control) by extensions ['colcon_pkg']
[0.493s] Level 1:colcon.colcon_core.package_identification:_identify(src/create3_sim-main/irobot_create_common/irobot_create_control) by extension 'colcon_pkg'
[0.493s] Level 1:colcon.colcon_core.package_identification:_identify(src/create3_sim-main/irobot_create_common/irobot_create_control) by extensions ['colcon_meta']
[0.493s] Level 1:colcon.colcon_core.package_identification:_identify(src/create3_sim-main/irobot_create_common/irobot_create_control) by extension 'colcon_meta'
[0.493s] Level 1:colcon.colcon_core.package_identification:_identify(src/create3_sim-main/irobot_create_common/irobot_create_control) by extensions ['ros']
[0.494s] Level 1:colcon.colcon_core.package_identification:_identify(src/create3_sim-main/irobot_create_common/irobot_create_control) by extension 'ros'
[0.494s] DEBUG:colcon.colcon_core.package_identification:Package 'src/create3_sim-main/irobot_create_common/irobot_create_control' with type 'ros.ament_cmake' and name 'irobot_create_control'
[0.494s] Level 1:colcon.colcon_core.package_identification:_identify(src/create3_sim-main/irobot_create_common/irobot_create_description) by extensions ['ignore', 'ignore_ament_install']
[0.494s] Level 1:colcon.colcon_core.package_identification:_identify(src/create3_sim-main/irobot_create_common/irobot_create_description) by extension 'ignore'
[0.494s] Level 1:colcon.colcon_core.package_identification:_identify(src/create3_sim-main/irobot_create_common/irobot_create_description) by extension 'ignore_ament_install'
[0.494s] Level 1:colcon.colcon_core.package_identification:_identify(src/create3_sim-main/irobot_create_common/irobot_create_description) by extensions ['colcon_pkg']
[0.494s] Level 1:colcon.colcon_core.package_identification:_identify(src/create3_sim-main/irobot_create_common/irobot_create_description) by extension 'colcon_pkg'
[0.495s] Level 1:colcon.colcon_core.package_identification:_identify(src/create3_sim-main/irobot_create_common/irobot_create_description) by extensions ['colcon_meta']
[0.495s] Level 1:colcon.colcon_core.package_identification:_identify(src/create3_sim-main/irobot_create_common/irobot_create_description) by extension 'colcon_meta'
[0.495s] Level 1:colcon.colcon_core.package_identification:_identify(src/create3_sim-main/irobot_create_common/irobot_create_description) by extensions ['ros']
[0.495s] Level 1:colcon.colcon_core.package_identification:_identify(src/create3_sim-main/irobot_create_common/irobot_create_description) by extension 'ros'
[0.495s] DEBUG:colcon.colcon_core.package_identification:Package 'src/create3_sim-main/irobot_create_common/irobot_create_description' with type 'ros.ament_cmake' and name 'irobot_create_description'
[0.495s] Level 1:colcon.colcon_core.package_identification:_identify(src/create3_sim-main/irobot_create_common/irobot_create_nodes) by extensions ['ignore', 'ignore_ament_install']
[0.495s] Level 1:colcon.colcon_core.package_identification:_identify(src/create3_sim-main/irobot_create_common/irobot_create_nodes) by extension 'ignore'
[0.495s] Level 1:colcon.colcon_core.package_identification:_identify(src/create3_sim-main/irobot_create_common/irobot_create_nodes) by extension 'ignore_ament_install'
[0.496s] Level 1:colcon.colcon_core.package_identification:_identify(src/create3_sim-main/irobot_create_common/irobot_create_nodes) by extensions ['colcon_pkg']
[0.496s] Level 1:colcon.colcon_core.package_identification:_identify(src/create3_sim-main/irobot_create_common/irobot_create_nodes) by extension 'colcon_pkg'
[0.496s] Level 1:colcon.colcon_core.package_identification:_identify(src/create3_sim-main/irobot_create_common/irobot_create_nodes) by extensions ['colcon_meta']
[0.496s] Level 1:colcon.colcon_core.package_identification:_identify(src/create3_sim-main/irobot_create_common/irobot_create_nodes) by extension 'colcon_meta'
[0.496s] Level 1:colcon.colcon_core.package_identification:_identify(src/create3_sim-main/irobot_create_common/irobot_create_nodes) by extensions ['ros']
[0.496s] Level 1:colcon.colcon_core.package_identification:_identify(src/create3_sim-main/irobot_create_common/irobot_create_nodes) by extension 'ros'
[0.507s] DEBUG:colcon.colcon_core.package_identification:Package 'src/create3_sim-main/irobot_create_common/irobot_create_nodes' with type 'ros.ament_cmake' and name 'irobot_create_nodes'
[0.507s] Level 1:colcon.colcon_core.package_identification:_identify(src/create3_sim-main/irobot_create_common/irobot_create_toolbox) by extensions ['ignore', 'ignore_ament_install']
[0.507s] Level 1:colcon.colcon_core.package_identification:_identify(src/create3_sim-main/irobot_create_common/irobot_create_toolbox) by extension 'ignore'
[0.507s] Level 1:colcon.colcon_core.package_identification:_identify(src/create3_sim-main/irobot_create_common/irobot_create_toolbox) by extension 'ignore_ament_install'
[0.508s] Level 1:colcon.colcon_core.package_identification:_identify(src/create3_sim-main/irobot_create_common/irobot_create_toolbox) by extensions ['colcon_pkg']
[0.508s] Level 1:colcon.colcon_core.package_identification:_identify(src/create3_sim-main/irobot_create_common/irobot_create_toolbox) by extension 'colcon_pkg'
[0.508s] Level 1:colcon.colcon_core.package_identification:_identify(src/create3_sim-main/irobot_create_common/irobot_create_toolbox) by extensions ['colcon_meta']
[0.508s] Level 1:colcon.colcon_core.package_identification:_identify(src/create3_sim-main/irobot_create_common/irobot_create_toolbox) by extension 'colcon_meta'
[0.508s] Level 1:colcon.colcon_core.package_identification:_identify(src/create3_sim-main/irobot_create_common/irobot_create_toolbox) by extensions ['ros']
[0.508s] Level 1:colcon.colcon_core.package_identification:_identify(src/create3_sim-main/irobot_create_common/irobot_create_toolbox) by extension 'ros'
[0.509s] DEBUG:colcon.colcon_core.package_identification:Package 'src/create3_sim-main/irobot_create_common/irobot_create_toolbox' with type 'ros.ament_cmake' and name 'irobot_create_toolbox'
[0.509s] Level 1:colcon.colcon_core.package_identification:_identify(src/create3_sim-main/irobot_create_gazebo) by extensions ['ignore', 'ignore_ament_install']
[0.509s] Level 1:colcon.colcon_core.package_identification:_identify(src/create3_sim-main/irobot_create_gazebo) by extension 'ignore'
[0.509s] Level 1:colcon.colcon_core.package_identification:_identify(src/create3_sim-main/irobot_create_gazebo) by extension 'ignore_ament_install'
[0.509s] Level 1:colcon.colcon_core.package_identification:_identify(src/create3_sim-main/irobot_create_gazebo) by extensions ['colcon_pkg']
[0.509s] Level 1:colcon.colcon_core.package_identification:_identify(src/create3_sim-main/irobot_create_gazebo) by extension 'colcon_pkg'
[0.509s] Level 1:colcon.colcon_core.package_identification:_identify(src/create3_sim-main/irobot_create_gazebo) by extensions ['colcon_meta']
[0.509s] Level 1:colcon.colcon_core.package_identification:_identify(src/create3_sim-main/irobot_create_gazebo) by extension 'colcon_meta'
[0.509s] Level 1:colcon.colcon_core.package_identification:_identify(src/create3_sim-main/irobot_create_gazebo) by extensions ['ros']
[0.509s] Level 1:colcon.colcon_core.package_identification:_identify(src/create3_sim-main/irobot_create_gazebo) by extension 'ros'
[0.509s] Level 1:colcon.colcon_core.package_identification:_identify(src/create3_sim-main/irobot_create_gazebo) by extensions ['cmake', 'python']
[0.509s] Level 1:colcon.colcon_core.package_identification:_identify(src/create3_sim-main/irobot_create_gazebo) by extension 'cmake'
[0.510s] Level 1:colcon.colcon_core.package_identification:_identify(src/create3_sim-main/irobot_create_gazebo) by extension 'python'
[0.510s] Level 1:colcon.colcon_core.package_identification:_identify(src/create3_sim-main/irobot_create_gazebo) by extensions ['python_setup_py']
[0.510s] Level 1:colcon.colcon_core.package_identification:_identify(src/create3_sim-main/irobot_create_gazebo) by extension 'python_setup_py'
[0.510s] Level 1:colcon.colcon_core.package_identification:_identify(src/create3_sim-main/irobot_create_gazebo/irobot_create_gazebo_bringup) by extensions ['ignore', 'ignore_ament_install']
[0.510s] Level 1:colcon.colcon_core.package_identification:_identify(src/create3_sim-main/irobot_create_gazebo/irobot_create_gazebo_bringup) by extension 'ignore'
[0.510s] Level 1:colcon.colcon_core.package_identification:_identify(src/create3_sim-main/irobot_create_gazebo/irobot_create_gazebo_bringup) by extension 'ignore_ament_install'
[0.510s] Level 1:colcon.colcon_core.package_identification:_identify(src/create3_sim-main/irobot_create_gazebo/irobot_create_gazebo_bringup) by extensions ['colcon_pkg']
[0.510s] Level 1:colcon.colcon_core.package_identification:_identify(src/create3_sim-main/irobot_create_gazebo/irobot_create_gazebo_bringup) by extension 'colcon_pkg'
[0.510s] Level 1:colcon.colcon_core.package_identification:_identify(src/create3_sim-main/irobot_create_gazebo/irobot_create_gazebo_bringup) by extensions ['colcon_meta']
[0.510s] Level 1:colcon.colcon_core.package_identification:_identify(src/create3_sim-main/irobot_create_gazebo/irobot_create_gazebo_bringup) by extension 'colcon_meta'
[0.510s] Level 1:colcon.colcon_core.package_identification:_identify(src/create3_sim-main/irobot_create_gazebo/irobot_create_gazebo_bringup) by extensions ['ros']
[0.510s] Level 1:colcon.colcon_core.package_identification:_identify(src/create3_sim-main/irobot_create_gazebo/irobot_create_gazebo_bringup) by extension 'ros'
[0.511s] DEBUG:colcon.colcon_core.package_identification:Package 'src/create3_sim-main/irobot_create_gazebo/irobot_create_gazebo_bringup' with type 'ros.ament_cmake' and name 'irobot_create_gazebo_bringup'
[0.511s] Level 1:colcon.colcon_core.package_identification:_identify(src/create3_sim-main/irobot_create_gazebo/irobot_create_gazebo_plugins) by extensions ['ignore', 'ignore_ament_install']
[0.511s] Level 1:colcon.colcon_core.package_identification:_identify(src/create3_sim-main/irobot_create_gazebo/irobot_create_gazebo_plugins) by extension 'ignore'
[0.511s] Level 1:colcon.colcon_core.package_identification:_identify(src/create3_sim-main/irobot_create_gazebo/irobot_create_gazebo_plugins) by extension 'ignore_ament_install'
[0.512s] Level 1:colcon.colcon_core.package_identification:_identify(src/create3_sim-main/irobot_create_gazebo/irobot_create_gazebo_plugins) by extensions ['colcon_pkg']
[0.512s] Level 1:colcon.colcon_core.package_identification:_identify(src/create3_sim-main/irobot_create_gazebo/irobot_create_gazebo_plugins) by extension 'colcon_pkg'
[0.512s] Level 1:colcon.colcon_core.package_identification:_identify(src/create3_sim-main/irobot_create_gazebo/irobot_create_gazebo_plugins) by extensions ['colcon_meta']
[0.512s] Level 1:colcon.colcon_core.package_identification:_identify(src/create3_sim-main/irobot_create_gazebo/irobot_create_gazebo_plugins) by extension 'colcon_meta'
[0.513s] Level 1:colcon.colcon_core.package_identification:_identify(src/create3_sim-main/irobot_create_gazebo/irobot_create_gazebo_plugins) by extensions ['ros']
[0.513s] Level 1:colcon.colcon_core.package_identification:_identify(src/create3_sim-main/irobot_create_gazebo/irobot_create_gazebo_plugins) by extension 'ros'
[0.514s] DEBUG:colcon.colcon_core.package_identification:Package 'src/create3_sim-main/irobot_create_gazebo/irobot_create_gazebo_plugins' with type 'ros.ament_cmake' and name 'irobot_create_gazebo_plugins'
[0.514s] Level 1:colcon.colcon_core.package_identification:_identify(src/create3_sim-main/irobot_create_gazebo/irobot_create_gazebo_sim) by extensions ['ignore', 'ignore_ament_install']
[0.514s] Level 1:colcon.colcon_core.package_identification:_identify(src/create3_sim-main/irobot_create_gazebo/irobot_create_gazebo_sim) by extension 'ignore'
[0.514s] Level 1:colcon.colcon_core.package_identification:_identify(src/create3_sim-main/irobot_create_gazebo/irobot_create_gazebo_sim) by extension 'ignore_ament_install'
[0.514s] Level 1:colcon.colcon_core.package_identification:_identify(src/create3_sim-main/irobot_create_gazebo/irobot_create_gazebo_sim) by extensions ['colcon_pkg']
[0.514s] Level 1:colcon.colcon_core.package_identification:_identify(src/create3_sim-main/irobot_create_gazebo/irobot_create_gazebo_sim) by extension 'colcon_pkg'
[0.514s] Level 1:colcon.colcon_core.package_identification:_identify(src/create3_sim-main/irobot_create_gazebo/irobot_create_gazebo_sim) by extensions ['colcon_meta']
[0.514s] Level 1:colcon.colcon_core.package_identification:_identify(src/create3_sim-main/irobot_create_gazebo/irobot_create_gazebo_sim) by extension 'colcon_meta'
[0.514s] Level 1:colcon.colcon_core.package_identification:_identify(src/create3_sim-main/irobot_create_gazebo/irobot_create_gazebo_sim) by extensions ['ros']
[0.514s] Level 1:colcon.colcon_core.package_identification:_identify(src/create3_sim-main/irobot_create_gazebo/irobot_create_gazebo_sim) by extension 'ros'
[0.515s] DEBUG:colcon.colcon_core.package_identification:Package 'src/create3_sim-main/irobot_create_gazebo/irobot_create_gazebo_sim' with type 'ros.ament_cmake' and name 'irobot_create_gazebo_sim'
[0.515s] Level 1:colcon.colcon_core.package_identification:_identify(src/create3_sim-main/irobot_create_ignition) by extensions ['ignore', 'ignore_ament_install']
[0.515s] Level 1:colcon.colcon_core.package_identification:_identify(src/create3_sim-main/irobot_create_ignition) by extension 'ignore'
[0.515s] Level 1:colcon.colcon_core.package_identification:_identify(src/create3_sim-main/irobot_create_ignition) by extension 'ignore_ament_install'
[0.515s] Level 1:colcon.colcon_core.package_identification:_identify(src/create3_sim-main/irobot_create_ignition) by extensions ['colcon_pkg']
[0.515s] Level 1:colcon.colcon_core.package_identification:_identify(src/create3_sim-main/irobot_create_ignition) by extension 'colcon_pkg'
[0.515s] Level 1:colcon.colcon_core.package_identification:_identify(src/create3_sim-main/irobot_create_ignition) by extensions ['colcon_meta']
[0.516s] Level 1:colcon.colcon_core.package_identification:_identify(src/create3_sim-main/irobot_create_ignition) by extension 'colcon_meta'
[0.516s] Level 1:colcon.colcon_core.package_identification:_identify(src/create3_sim-main/irobot_create_ignition) by extensions ['ros']
[0.516s] Level 1:colcon.colcon_core.package_identification:_identify(src/create3_sim-main/irobot_create_ignition) by extension 'ros'
[0.516s] Level 1:colcon.colcon_core.package_identification:_identify(src/create3_sim-main/irobot_create_ignition) by extensions ['cmake', 'python']
[0.516s] Level 1:colcon.colcon_core.package_identification:_identify(src/create3_sim-main/irobot_create_ignition) by extension 'cmake'
[0.516s] Level 1:colcon.colcon_core.package_identification:_identify(src/create3_sim-main/irobot_create_ignition) by extension 'python'
[0.516s] Level 1:colcon.colcon_core.package_identification:_identify(src/create3_sim-main/irobot_create_ignition) by extensions ['python_setup_py']
[0.516s] Level 1:colcon.colcon_core.package_identification:_identify(src/create3_sim-main/irobot_create_ignition) by extension 'python_setup_py'
[0.516s] Level 1:colcon.colcon_core.package_identification:_identify(src/create3_sim-main/irobot_create_ignition/irobot_create_ignition_bringup) by extensions ['ignore', 'ignore_ament_install']
[0.516s] Level 1:colcon.colcon_core.package_identification:_identify(src/create3_sim-main/irobot_create_ignition/irobot_create_ignition_bringup) by extension 'ignore'
[0.516s] Level 1:colcon.colcon_core.package_identification:_identify(src/create3_sim-main/irobot_create_ignition/irobot_create_ignition_bringup) by extension 'ignore_ament_install'
[0.516s] Level 1:colcon.colcon_core.package_identification:_identify(src/create3_sim-main/irobot_create_ignition/irobot_create_ignition_bringup) by extensions ['colcon_pkg']
[0.516s] Level 1:colcon.colcon_core.package_identification:_identify(src/create3_sim-main/irobot_create_ignition/irobot_create_ignition_bringup) by extension 'colcon_pkg'
[0.516s] Level 1:colcon.colcon_core.package_identification:_identify(src/create3_sim-main/irobot_create_ignition/irobot_create_ignition_bringup) by extensions ['colcon_meta']
[0.516s] Level 1:colcon.colcon_core.package_identification:_identify(src/create3_sim-main/irobot_create_ignition/irobot_create_ignition_bringup) by extension 'colcon_meta'
[0.517s] Level 1:colcon.colcon_core.package_identification:_identify(src/create3_sim-main/irobot_create_ignition/irobot_create_ignition_bringup) by extensions ['ros']
[0.517s] Level 1:colcon.colcon_core.package_identification:_identify(src/create3_sim-main/irobot_create_ignition/irobot_create_ignition_bringup) by extension 'ros'
[0.517s] DEBUG:colcon.colcon_core.package_identification:Package 'src/create3_sim-main/irobot_create_ignition/irobot_create_ignition_bringup' with type 'ros.ament_cmake' and name 'irobot_create_ignition_bringup'
[0.518s] Level 1:colcon.colcon_core.package_identification:_identify(src/create3_sim-main/irobot_create_ignition/irobot_create_ignition_plugins) by extensions ['ignore', 'ignore_ament_install']
[0.518s] Level 1:colcon.colcon_core.package_identification:_identify(src/create3_sim-main/irobot_create_ignition/irobot_create_ignition_plugins) by extension 'ignore'
[0.518s] Level 1:colcon.colcon_core.package_identification:_identify(src/create3_sim-main/irobot_create_ignition/irobot_create_ignition_plugins) by extension 'ignore_ament_install'
[0.518s] Level 1:colcon.colcon_core.package_identification:_identify(src/create3_sim-main/irobot_create_ignition/irobot_create_ignition_plugins) by extensions ['colcon_pkg']
[0.518s] Level 1:colcon.colcon_core.package_identification:_identify(src/create3_sim-main/irobot_create_ignition/irobot_create_ignition_plugins) by extension 'colcon_pkg'
[0.518s] Level 1:colcon.colcon_core.package_identification:_identify(src/create3_sim-main/irobot_create_ignition/irobot_create_ignition_plugins) by extensions ['colcon_meta']
[0.518s] Level 1:colcon.colcon_core.package_identification:_identify(src/create3_sim-main/irobot_create_ignition/irobot_create_ignition_plugins) by extension 'colcon_meta'
[0.518s] Level 1:colcon.colcon_core.package_identification:_identify(src/create3_sim-main/irobot_create_ignition/irobot_create_ignition_plugins) by extensions ['ros']
[0.518s] Level 1:colcon.colcon_core.package_identification:_identify(src/create3_sim-main/irobot_create_ignition/irobot_create_ignition_plugins) by extension 'ros'
[0.519s] DEBUG:colcon.colcon_core.package_identification:Package 'src/create3_sim-main/irobot_create_ignition/irobot_create_ignition_plugins' with type 'ros.ament_cmake' and name 'irobot_create_ignition_plugins'
[0.519s] Level 1:colcon.colcon_core.package_identification:_identify(src/create3_sim-main/irobot_create_ignition/irobot_create_ignition_sim) by extensions ['ignore', 'ignore_ament_install']
[0.519s] Level 1:colcon.colcon_core.package_identification:_identify(src/create3_sim-main/irobot_create_ignition/irobot_create_ignition_sim) by extension 'ignore'
[0.519s] Level 1:colcon.colcon_core.package_identification:_identify(src/create3_sim-main/irobot_create_ignition/irobot_create_ignition_sim) by extension 'ignore_ament_install'
[0.519s] Level 1:colcon.colcon_core.package_identification:_identify(src/create3_sim-main/irobot_create_ignition/irobot_create_ignition_sim) by extensions ['colcon_pkg']
[0.519s] Level 1:colcon.colcon_core.package_identification:_identify(src/create3_sim-main/irobot_create_ignition/irobot_create_ignition_sim) by extension 'colcon_pkg'
[0.520s] Level 1:colcon.colcon_core.package_identification:_identify(src/create3_sim-main/irobot_create_ignition/irobot_create_ignition_sim) by extensions ['colcon_meta']
[0.520s] Level 1:colcon.colcon_core.package_identification:_identify(src/create3_sim-main/irobot_create_ignition/irobot_create_ignition_sim) by extension 'colcon_meta'
[0.520s] Level 1:colcon.colcon_core.package_identification:_identify(src/create3_sim-main/irobot_create_ignition/irobot_create_ignition_sim) by extensions ['ros']
[0.520s] Level 1:colcon.colcon_core.package_identification:_identify(src/create3_sim-main/irobot_create_ignition/irobot_create_ignition_sim) by extension 'ros'
[0.520s] DEBUG:colcon.colcon_core.package_identification:Package 'src/create3_sim-main/irobot_create_ignition/irobot_create_ignition_sim' with type 'ros.ament_cmake' and name 'irobot_create_ignition_sim'
[0.520s] Level 1:colcon.colcon_core.package_identification:_identify(src/create3_sim-main/irobot_create_ignition/irobot_create_ignition_toolbox) by extensions ['ignore', 'ignore_ament_install']
[0.521s] Level 1:colcon.colcon_core.package_identification:_identify(src/create3_sim-main/irobot_create_ignition/irobot_create_ignition_toolbox) by extension 'ignore'
[0.521s] Level 1:colcon.colcon_core.package_identification:_identify(src/create3_sim-main/irobot_create_ignition/irobot_create_ignition_toolbox) by extension 'ignore_ament_install'
[0.521s] Level 1:colcon.colcon_core.package_identification:_identify(src/create3_sim-main/irobot_create_ignition/irobot_create_ignition_toolbox) by extensions ['colcon_pkg']
[0.521s] Level 1:colcon.colcon_core.package_identification:_identify(src/create3_sim-main/irobot_create_ignition/irobot_create_ignition_toolbox) by extension 'colcon_pkg'
[0.521s] Level 1:colcon.colcon_core.package_identification:_identify(src/create3_sim-main/irobot_create_ignition/irobot_create_ignition_toolbox) by extensions ['colcon_meta']
[0.521s] Level 1:colcon.colcon_core.package_identification:_identify(src/create3_sim-main/irobot_create_ignition/irobot_create_ignition_toolbox) by extension 'colcon_meta'
[0.521s] Level 1:colcon.colcon_core.package_identification:_identify(src/create3_sim-main/irobot_create_ignition/irobot_create_ignition_toolbox) by extensions ['ros']
[0.521s] Level 1:colcon.colcon_core.package_identification:_identify(src/create3_sim-main/irobot_create_ignition/irobot_create_ignition_toolbox) by extension 'ros'
[0.523s] DEBUG:colcon.colcon_core.package_identification:Package 'src/create3_sim-main/irobot_create_ignition/irobot_create_ignition_toolbox' with type 'ros.ament_cmake' and name 'irobot_create_ignition_toolbox'
[0.523s] Level 1:colcon.colcon_core.package_discovery:discover_packages(recursive) using defaults
[0.523s] Level 1:colcon.colcon_core.package_discovery:discover_packages(ignore) discover
[0.523s] Level 1:colcon.colcon_core.package_discovery:discover_packages(ignore) using defaults
[0.523s] Level 1:colcon.colcon_core.package_discovery:discover_packages(path) discover
[0.523s] Level 1:colcon.colcon_core.package_discovery:discover_packages(path) using defaults
[0.551s] INFO:colcon.colcon_metadata.metadata.colcon_pkg:Updating descriptor of package 'src/create3_sim-main/irobot_create_gazebo/irobot_create_gazebo_plugins' from colcon.pkg: {'dependencies': ['Gazebo']}
[0.556s] Level 1:colcon.colcon_core.package_discovery:discover_packages(prefix_path) check parameters
[0.556s] Level 1:colcon.colcon_core.package_discovery:discover_packages(prefix_path) discover
[0.560s] DEBUG:colcon.colcon_installed_package_information.package_discovery:Found 394 installed packages in /opt/ros/humble
[0.563s] Level 1:colcon.colcon_core.package_discovery:discover_packages(prefix_path) using defaults
[0.616s] Level 5:colcon.colcon_core.verb:set package 'irobot_create_control' build argument 'cmake_args' from command line to 'None'
[0.616s] Level 5:colcon.colcon_core.verb:set package 'irobot_create_control' build argument 'cmake_target' from command line to 'None'
[0.616s] Level 5:colcon.colcon_core.verb:set package 'irobot_create_control' build argument 'cmake_target_skip_unavailable' from command line to 'False'
[0.616s] Level 5:colcon.colcon_core.verb:set package 'irobot_create_control' build argument 'cmake_clean_cache' from command line to 'False'
[0.616s] Level 5:colcon.colcon_core.verb:set package 'irobot_create_control' build argument 'cmake_clean_first' from command line to 'False'
[0.616s] Level 5:colcon.colcon_core.verb:set package 'irobot_create_control' build argument 'cmake_force_configure' from command line to 'False'
[0.616s] Level 5:colcon.colcon_core.verb:set package 'irobot_create_control' build argument 'ament_cmake_args' from command line to 'None'
[0.616s] Level 5:colcon.colcon_core.verb:set package 'irobot_create_control' build argument 'catkin_cmake_args' from command line to 'None'
[0.616s] Level 5:colcon.colcon_core.verb:set package 'irobot_create_control' build argument 'catkin_skip_building_tests' from command line to 'False'
[0.616s] DEBUG:colcon.colcon_core.verb:Building package 'irobot_create_control' with the following arguments: {'ament_cmake_args': None, 'build_base': '/home/alex/Programming/ROS2/Ingenia/Gazebo-Simu/Simulation_ws/build/irobot_create_control', 'catkin_cmake_args': None, 'catkin_skip_building_tests': False, 'cmake_args': None, 'cmake_clean_cache': False, 'cmake_clean_first': False, 'cmake_force_configure': False, 'cmake_target': None, 'cmake_target_skip_unavailable': False, 'install_base': '/home/alex/Programming/ROS2/Ingenia/Gazebo-Simu/Simulation_ws/install/irobot_create_control', 'merge_install': False, 'path': '/home/alex/Programming/ROS2/Ingenia/Gazebo-Simu/Simulation_ws/src/create3_sim-main/irobot_create_common/irobot_create_control', 'symlink_install': True, 'test_result_base': None}
[0.617s] Level 5:colcon.colcon_core.verb:set package 'irobot_create_ignition_plugins' build argument 'cmake_args' from command line to 'None'
[0.617s] Level 5:colcon.colcon_core.verb:set package 'irobot_create_ignition_plugins' build argument 'cmake_target' from command line to 'None'
[0.617s] Level 5:colcon.colcon_core.verb:set package 'irobot_create_ignition_plugins' build argument 'cmake_target_skip_unavailable' from command line to 'False'
[0.617s] Level 5:colcon.colcon_core.verb:set package 'irobot_create_ignition_plugins' build argument 'cmake_clean_cache' from command line to 'False'
[0.617s] Level 5:colcon.colcon_core.verb:set package 'irobot_create_ignition_plugins' build argument 'cmake_clean_first' from command line to 'False'
[0.617s] Level 5:colcon.colcon_core.verb:set package 'irobot_create_ignition_plugins' build argument 'cmake_force_configure' from command line to 'False'
[0.617s] Level 5:colcon.colcon_core.verb:set package 'irobot_create_ignition_plugins' build argument 'ament_cmake_args' from command line to 'None'
[0.617s] Level 5:colcon.colcon_core.verb:set package 'irobot_create_ignition_plugins' build argument 'catkin_cmake_args' from command line to 'None'
[0.617s] Level 5:colcon.colcon_core.verb:set package 'irobot_create_ignition_plugins' build argument 'catkin_skip_building_tests' from command line to 'False'
[0.617s] DEBUG:colcon.colcon_core.verb:Building package 'irobot_create_ignition_plugins' with the following arguments: {'ament_cmake_args': None, 'build_base': '/home/alex/Programming/ROS2/Ingenia/Gazebo-Simu/Simulation_ws/build/irobot_create_ignition_plugins', 'catkin_cmake_args': None, 'catkin_skip_building_tests': False, 'cmake_args': None, 'cmake_clean_cache': False, 'cmake_clean_first': False, 'cmake_force_configure': False, 'cmake_target': None, 'cmake_target_skip_unavailable': False, 'install_base': '/home/alex/Programming/ROS2/Ingenia/Gazebo-Simu/Simulation_ws/install/irobot_create_ignition_plugins', 'merge_install': False, 'path': '/home/alex/Programming/ROS2/Ingenia/Gazebo-Simu/Simulation_ws/src/create3_sim-main/irobot_create_ignition/irobot_create_ignition_plugins', 'symlink_install': True, 'test_result_base': None}
[0.617s] Level 5:colcon.colcon_core.verb:set package 'irobot_create_toolbox' build argument 'cmake_args' from command line to 'None'
[0.617s] Level 5:colcon.colcon_core.verb:set package 'irobot_create_toolbox' build argument 'cmake_target' from command line to 'None'
[0.617s] Level 5:colcon.colcon_core.verb:set package 'irobot_create_toolbox' build argument 'cmake_target_skip_unavailable' from command line to 'False'
[0.617s] Level 5:colcon.colcon_core.verb:set package 'irobot_create_toolbox' build argument 'cmake_clean_cache' from command line to 'False'
[0.617s] Level 5:colcon.colcon_core.verb:set package 'irobot_create_toolbox' build argument 'cmake_clean_first' from command line to 'False'
[0.617s] Level 5:colcon.colcon_core.verb:set package 'irobot_create_toolbox' build argument 'cmake_force_configure' from command line to 'False'
[0.617s] Level 5:colcon.colcon_core.verb:set package 'irobot_create_toolbox' build argument 'ament_cmake_args' from command line to 'None'
[0.617s] Level 5:colcon.colcon_core.verb:set package 'irobot_create_toolbox' build argument 'catkin_cmake_args' from command line to 'None'
[0.617s] Level 5:colcon.colcon_core.verb:set package 'irobot_create_toolbox' build argument 'catkin_skip_building_tests' from command line to 'False'
[0.617s] DEBUG:colcon.colcon_core.verb:Building package 'irobot_create_toolbox' with the following arguments: {'ament_cmake_args': None, 'build_base': '/home/alex/Programming/ROS2/Ingenia/Gazebo-Simu/Simulation_ws/build/irobot_create_toolbox', 'catkin_cmake_args': None, 'catkin_skip_building_tests': False, 'cmake_args': None, 'cmake_clean_cache': False, 'cmake_clean_first': False, 'cmake_force_configure': False, 'cmake_target': None, 'cmake_target_skip_unavailable': False, 'install_base': '/home/alex/Programming/ROS2/Ingenia/Gazebo-Simu/Simulation_ws/install/irobot_create_toolbox', 'merge_install': False, 'path': '/home/alex/Programming/ROS2/Ingenia/Gazebo-Simu/Simulation_ws/src/create3_sim-main/irobot_create_common/irobot_create_toolbox', 'symlink_install': True, 'test_result_base': None}
[0.618s] Level 5:colcon.colcon_core.verb:set package 'irobot_create_description' build argument 'cmake_args' from command line to 'None'
[0.618s] Level 5:colcon.colcon_core.verb:set package 'irobot_create_description' build argument 'cmake_target' from command line to 'None'
[0.618s] Level 5:colcon.colcon_core.verb:set package 'irobot_create_description' build argument 'cmake_target_skip_unavailable' from command line to 'False'
[0.618s] Level 5:colcon.colcon_core.verb:set package 'irobot_create_description' build argument 'cmake_clean_cache' from command line to 'False'
[0.618s] Level 5:colcon.colcon_core.verb:set package 'irobot_create_description' build argument 'cmake_clean_first' from command line to 'False'
[0.618s] Level 5:colcon.colcon_core.verb:set package 'irobot_create_description' build argument 'cmake_force_configure' from command line to 'False'
[0.618s] Level 5:colcon.colcon_core.verb:set package 'irobot_create_description' build argument 'ament_cmake_args' from command line to 'None'
[0.618s] Level 5:colcon.colcon_core.verb:set package 'irobot_create_description' build argument 'catkin_cmake_args' from command line to 'None'
[0.618s] Level 5:colcon.colcon_core.verb:set package 'irobot_create_description' build argument 'catkin_skip_building_tests' from command line to 'False'
[0.618s] DEBUG:colcon.colcon_core.verb:Building package 'irobot_create_description' with the following arguments: {'ament_cmake_args': None, 'build_base': '/home/alex/Programming/ROS2/Ingenia/Gazebo-Simu/Simulation_ws/build/irobot_create_description', 'catkin_cmake_args': None, 'catkin_skip_building_tests': False, 'cmake_args': None, 'cmake_clean_cache': False, 'cmake_clean_first': False, 'cmake_force_configure': False, 'cmake_target': None, 'cmake_target_skip_unavailable': False, 'install_base': '/home/alex/Programming/ROS2/Ingenia/Gazebo-Simu/Simulation_ws/install/irobot_create_description', 'merge_install': False, 'path': '/home/alex/Programming/ROS2/Ingenia/Gazebo-Simu/Simulation_ws/src/create3_sim-main/irobot_create_common/irobot_create_description', 'symlink_install': True, 'test_result_base': None}
[0.618s] Level 5:colcon.colcon_core.verb:set package 'irobot_create_gazebo_plugins' build argument 'cmake_args' from command line to 'None'
[0.618s] Level 5:colcon.colcon_core.verb:set package 'irobot_create_gazebo_plugins' build argument 'cmake_target' from command line to 'None'
[0.618s] Level 5:colcon.colcon_core.verb:set package 'irobot_create_gazebo_plugins' build argument 'cmake_target_skip_unavailable' from command line to 'False'
[0.618s] Level 5:colcon.colcon_core.verb:set package 'irobot_create_gazebo_plugins' build argument 'cmake_clean_cache' from command line to 'False'
[0.618s] Level 5:colcon.colcon_core.verb:set package 'irobot_create_gazebo_plugins' build argument 'cmake_clean_first' from command line to 'False'
[0.618s] Level 5:colcon.colcon_core.verb:set package 'irobot_create_gazebo_plugins' build argument 'cmake_force_configure' from command line to 'False'
[0.619s] Level 5:colcon.colcon_core.verb:set package 'irobot_create_gazebo_plugins' build argument 'ament_cmake_args' from command line to 'None'
[0.619s] Level 5:colcon.colcon_core.verb:set package 'irobot_create_gazebo_plugins' build argument 'catkin_cmake_args' from command line to 'None'
[0.619s] Level 5:colcon.colcon_core.verb:set package 'irobot_create_gazebo_plugins' build argument 'catkin_skip_building_tests' from command line to 'False'
[0.619s] DEBUG:colcon.colcon_core.verb:Building package 'irobot_create_gazebo_plugins' with the following arguments: {'ament_cmake_args': None, 'build_base': '/home/alex/Programming/ROS2/Ingenia/Gazebo-Simu/Simulation_ws/build/irobot_create_gazebo_plugins', 'catkin_cmake_args': None, 'catkin_skip_building_tests': False, 'cmake_args': None, 'cmake_clean_cache': False, 'cmake_clean_first': False, 'cmake_force_configure': False, 'cmake_target': None, 'cmake_target_skip_unavailable': False, 'install_base': '/home/alex/Programming/ROS2/Ingenia/Gazebo-Simu/Simulation_ws/install/irobot_create_gazebo_plugins', 'merge_install': False, 'path': '/home/alex/Programming/ROS2/Ingenia/Gazebo-Simu/Simulation_ws/src/create3_sim-main/irobot_create_gazebo/irobot_create_gazebo_plugins', 'symlink_install': True, 'test_result_base': None}
[0.619s] Level 5:colcon.colcon_core.verb:set package 'irobot_create_ignition_toolbox' build argument 'cmake_args' from command line to 'None'
[0.619s] Level 5:colcon.colcon_core.verb:set package 'irobot_create_ignition_toolbox' build argument 'cmake_target' from command line to 'None'
[0.619s] Level 5:colcon.colcon_core.verb:set package 'irobot_create_ignition_toolbox' build argument 'cmake_target_skip_unavailable' from command line to 'False'
[0.619s] Level 5:colcon.colcon_core.verb:set package 'irobot_create_ignition_toolbox' build argument 'cmake_clean_cache' from command line to 'False'
[0.619s] Level 5:colcon.colcon_core.verb:set package 'irobot_create_ignition_toolbox' build argument 'cmake_clean_first' from command line to 'False'
[0.619s] Level 5:colcon.colcon_core.verb:set package 'irobot_create_ignition_toolbox' build argument 'cmake_force_configure' from command line to 'False'
[0.619s] Level 5:colcon.colcon_core.verb:set package 'irobot_create_ignition_toolbox' build argument 'ament_cmake_args' from command line to 'None'
[0.619s] Level 5:colcon.colcon_core.verb:set package 'irobot_create_ignition_toolbox' build argument 'catkin_cmake_args' from command line to 'None'
[0.619s] Level 5:colcon.colcon_core.verb:set package 'irobot_create_ignition_toolbox' build argument 'catkin_skip_building_tests' from command line to 'False'
[0.619s] DEBUG:colcon.colcon_core.verb:Building package 'irobot_create_ignition_toolbox' with the following arguments: {'ament_cmake_args': None, 'build_base': '/home/alex/Programming/ROS2/Ingenia/Gazebo-Simu/Simulation_ws/build/irobot_create_ignition_toolbox', 'catkin_cmake_args': None, 'catkin_skip_building_tests': False, 'cmake_args': None, 'cmake_clean_cache': False, 'cmake_clean_first': False, 'cmake_force_configure': False, 'cmake_target': None, 'cmake_target_skip_unavailable': False, 'install_base': '/home/alex/Programming/ROS2/Ingenia/Gazebo-Simu/Simulation_ws/install/irobot_create_ignition_toolbox', 'merge_install': False, 'path': '/home/alex/Programming/ROS2/Ingenia/Gazebo-Simu/Simulation_ws/src/create3_sim-main/irobot_create_ignition/irobot_create_ignition_toolbox', 'symlink_install': True, 'test_result_base': None}
[0.620s] Level 5:colcon.colcon_core.verb:set package 'irobot_create_nodes' build argument 'cmake_args' from command line to 'None'
[0.620s] Level 5:colcon.colcon_core.verb:set package 'irobot_create_nodes' build argument 'cmake_target' from command line to 'None'
[0.620s] Level 5:colcon.colcon_core.verb:set package 'irobot_create_nodes' build argument 'cmake_target_skip_unavailable' from command line to 'False'
[0.620s] Level 5:colcon.colcon_core.verb:set package 'irobot_create_nodes' build argument 'cmake_clean_cache' from command line to 'False'
[0.620s] Level 5:colcon.colcon_core.verb:set package 'irobot_create_nodes' build argument 'cmake_clean_first' from command line to 'False'
[0.620s] Level 5:colcon.colcon_core.verb:set package 'irobot_create_nodes' build argument 'cmake_force_configure' from command line to 'False'
[0.620s] Level 5:colcon.colcon_core.verb:set package 'irobot_create_nodes' build argument 'ament_cmake_args' from command line to 'None'
[0.620s] Level 5:colcon.colcon_core.verb:set package 'irobot_create_nodes' build argument 'catkin_cmake_args' from command line to 'None'
[0.620s] Level 5:colcon.colcon_core.verb:set package 'irobot_create_nodes' build argument 'catkin_skip_building_tests' from command line to 'False'
[0.620s] DEBUG:colcon.colcon_core.verb:Building package 'irobot_create_nodes' with the following arguments: {'ament_cmake_args': None, 'build_base': '/home/alex/Programming/ROS2/Ingenia/Gazebo-Simu/Simulation_ws/build/irobot_create_nodes', 'catkin_cmake_args': None, 'catkin_skip_building_tests': False, 'cmake_args': None, 'cmake_clean_cache': False, 'cmake_clean_first': False, 'cmake_force_configure': False, 'cmake_target': None, 'cmake_target_skip_unavailable': False, 'install_base': '/home/alex/Programming/ROS2/Ingenia/Gazebo-Simu/Simulation_ws/install/irobot_create_nodes', 'merge_install': False, 'path': '/home/alex/Programming/ROS2/Ingenia/Gazebo-Simu/Simulation_ws/src/create3_sim-main/irobot_create_common/irobot_create_nodes', 'symlink_install': True, 'test_result_base': None}
[0.620s] Level 5:colcon.colcon_core.verb:set package 'irobot_create_common_bringup' build argument 'cmake_args' from command line to 'None'
[0.620s] Level 5:colcon.colcon_core.verb:set package 'irobot_create_common_bringup' build argument 'cmake_target' from command line to 'None'
[0.620s] Level 5:colcon.colcon_core.verb:set package 'irobot_create_common_bringup' build argument 'cmake_target_skip_unavailable' from command line to 'False'
[0.620s] Level 5:colcon.colcon_core.verb:set package 'irobot_create_common_bringup' build argument 'cmake_clean_cache' from command line to 'False'
[0.620s] Level 5:colcon.colcon_core.verb:set package 'irobot_create_common_bringup' build argument 'cmake_clean_first' from command line to 'False'
[0.620s] Level 5:colcon.colcon_core.verb:set package 'irobot_create_common_bringup' build argument 'cmake_force_configure' from command line to 'False'
[0.620s] Level 5:colcon.colcon_core.verb:set package 'irobot_create_common_bringup' build argument 'ament_cmake_args' from command line to 'None'
[0.620s] Level 5:colcon.colcon_core.verb:set package 'irobot_create_common_bringup' build argument 'catkin_cmake_args' from command line to 'None'
[0.620s] Level 5:colcon.colcon_core.verb:set package 'irobot_create_common_bringup' build argument 'catkin_skip_building_tests' from command line to 'False'
[0.620s] DEBUG:colcon.colcon_core.verb:Building package 'irobot_create_common_bringup' with the following arguments: {'ament_cmake_args': None, 'build_base': '/home/alex/Programming/ROS2/Ingenia/Gazebo-Simu/Simulation_ws/build/irobot_create_common_bringup', 'catkin_cmake_args': None, 'catkin_skip_building_tests': False, 'cmake_args': None, 'cmake_clean_cache': False, 'cmake_clean_first': False, 'cmake_force_configure': False, 'cmake_target': None, 'cmake_target_skip_unavailable': False, 'install_base': '/home/alex/Programming/ROS2/Ingenia/Gazebo-Simu/Simulation_ws/install/irobot_create_common_bringup', 'merge_install': False, 'path': '/home/alex/Programming/ROS2/Ingenia/Gazebo-Simu/Simulation_ws/src/create3_sim-main/irobot_create_common/irobot_create_common_bringup', 'symlink_install': True, 'test_result_base': None}
[0.621s] Level 5:colcon.colcon_core.verb:set package 'irobot_create_gazebo_bringup' build argument 'cmake_args' from command line to 'None'
[0.621s] Level 5:colcon.colcon_core.verb:set package 'irobot_create_gazebo_bringup' build argument 'cmake_target' from command line to 'None'
[0.621s] Level 5:colcon.colcon_core.verb:set package 'irobot_create_gazebo_bringup' build argument 'cmake_target_skip_unavailable' from command line to 'False'
[0.621s] Level 5:colcon.colcon_core.verb:set package 'irobot_create_gazebo_bringup' build argument 'cmake_clean_cache' from command line to 'False'
[0.621s] Level 5:colcon.colcon_core.verb:set package 'irobot_create_gazebo_bringup' build argument 'cmake_clean_first' from command line to 'False'
[0.621s] Level 5:colcon.colcon_core.verb:set package 'irobot_create_gazebo_bringup' build argument 'cmake_force_configure' from command line to 'False'
[0.621s] Level 5:colcon.colcon_core.verb:set package 'irobot_create_gazebo_bringup' build argument 'ament_cmake_args' from command line to 'None'
[0.621s] Level 5:colcon.colcon_core.verb:set package 'irobot_create_gazebo_bringup' build argument 'catkin_cmake_args' from command line to 'None'
[0.621s] Level 5:colcon.colcon_core.verb:set package 'irobot_create_gazebo_bringup' build argument 'catkin_skip_building_tests' from command line to 'False'
[0.621s] DEBUG:colcon.colcon_core.verb:Building package 'irobot_create_gazebo_bringup' with the following arguments: {'ament_cmake_args': None, 'build_base': '/home/alex/Programming/ROS2/Ingenia/Gazebo-Simu/Simulation_ws/build/irobot_create_gazebo_bringup', 'catkin_cmake_args': None, 'catkin_skip_building_tests': False, 'cmake_args': None, 'cmake_clean_cache': False, 'cmake_clean_first': False, 'cmake_force_configure': False, 'cmake_target': None, 'cmake_target_skip_unavailable': False, 'install_base': '/home/alex/Programming/ROS2/Ingenia/Gazebo-Simu/Simulation_ws/install/irobot_create_gazebo_bringup', 'merge_install': False, 'path': '/home/alex/Programming/ROS2/Ingenia/Gazebo-Simu/Simulation_ws/src/create3_sim-main/irobot_create_gazebo/irobot_create_gazebo_bringup', 'symlink_install': True, 'test_result_base': None}
[0.621s] Level 5:colcon.colcon_core.verb:set package 'irobot_create_ignition_bringup' build argument 'cmake_args' from command line to 'None'
[0.621s] Level 5:colcon.colcon_core.verb:set package 'irobot_create_ignition_bringup' build argument 'cmake_target' from command line to 'None'
[0.621s] Level 5:colcon.colcon_core.verb:set package 'irobot_create_ignition_bringup' build argument 'cmake_target_skip_unavailable' from command line to 'False'
[0.621s] Level 5:colcon.colcon_core.verb:set package 'irobot_create_ignition_bringup' build argument 'cmake_clean_cache' from command line to 'False'
[0.622s] Level 5:colcon.colcon_core.verb:set package 'irobot_create_ignition_bringup' build argument 'cmake_clean_first' from command line to 'False'
[0.622s] Level 5:colcon.colcon_core.verb:set package 'irobot_create_ignition_bringup' build argument 'cmake_force_configure' from command line to 'False'
[0.622s] Level 5:colcon.colcon_core.verb:set package 'irobot_create_ignition_bringup' build argument 'ament_cmake_args' from command line to 'None'
[0.622s] Level 5:colcon.colcon_core.verb:set package 'irobot_create_ignition_bringup' build argument 'catkin_cmake_args' from command line to 'None'
[0.622s] Level 5:colcon.colcon_core.verb:set package 'irobot_create_ignition_bringup' build argument 'catkin_skip_building_tests' from command line to 'False'
[0.622s] DEBUG:colcon.colcon_core.verb:Building package 'irobot_create_ignition_bringup' with the following arguments: {'ament_cmake_args': None, 'build_base': '/home/alex/Programming/ROS2/Ingenia/Gazebo-Simu/Simulation_ws/build/irobot_create_ignition_bringup', 'catkin_cmake_args': None, 'catkin_skip_building_tests': False, 'cmake_args': None, 'cmake_clean_cache': False, 'cmake_clean_first': False, 'cmake_force_configure': False, 'cmake_target': None, 'cmake_target_skip_unavailable': False, 'install_base': '/home/alex/Programming/ROS2/Ingenia/Gazebo-Simu/Simulation_ws/install/irobot_create_ignition_bringup', 'merge_install': False, 'path': '/home/alex/Programming/ROS2/Ingenia/Gazebo-Simu/Simulation_ws/src/create3_sim-main/irobot_create_ignition/irobot_create_ignition_bringup', 'symlink_install': True, 'test_result_base': None}
[0.622s] Level 5:colcon.colcon_core.verb:set package 'irobot_create_gazebo_sim' build argument 'cmake_args' from command line to 'None'
[0.622s] Level 5:colcon.colcon_core.verb:set package 'irobot_create_gazebo_sim' build argument 'cmake_target' from command line to 'None'
[0.622s] Level 5:colcon.colcon_core.verb:set package 'irobot_create_gazebo_sim' build argument 'cmake_target_skip_unavailable' from command line to 'False'
[0.622s] Level 5:colcon.colcon_core.verb:set package 'irobot_create_gazebo_sim' build argument 'cmake_clean_cache' from command line to 'False'
[0.622s] Level 5:colcon.colcon_core.verb:set package 'irobot_create_gazebo_sim' build argument 'cmake_clean_first' from command line to 'False'
[0.622s] Level 5:colcon.colcon_core.verb:set package 'irobot_create_gazebo_sim' build argument 'cmake_force_configure' from command line to 'False'
[0.622s] Level 5:colcon.colcon_core.verb:set package 'irobot_create_gazebo_sim' build argument 'ament_cmake_args' from command line to 'None'
[0.622s] Level 5:colcon.colcon_core.verb:set package 'irobot_create_gazebo_sim' build argument 'catkin_cmake_args' from command line to 'None'
[0.622s] Level 5:colcon.colcon_core.verb:set package 'irobot_create_gazebo_sim' build argument 'catkin_skip_building_tests' from command line to 'False'
[0.622s] DEBUG:colcon.colcon_core.verb:Building package 'irobot_create_gazebo_sim' with the following arguments: {'ament_cmake_args': None, 'build_base': '/home/alex/Programming/ROS2/Ingenia/Gazebo-Simu/Simulation_ws/build/irobot_create_gazebo_sim', 'catkin_cmake_args': None, 'catkin_skip_building_tests': False, 'cmake_args': None, 'cmake_clean_cache': False, 'cmake_clean_first': False, 'cmake_force_configure': False, 'cmake_target': None, 'cmake_target_skip_unavailable': False, 'install_base': '/home/alex/Programming/ROS2/Ingenia/Gazebo-Simu/Simulation_ws/install/irobot_create_gazebo_sim', 'merge_install': False, 'path': '/home/alex/Programming/ROS2/Ingenia/Gazebo-Simu/Simulation_ws/src/create3_sim-main/irobot_create_gazebo/irobot_create_gazebo_sim', 'symlink_install': True, 'test_result_base': None}
[0.623s] Level 5:colcon.colcon_core.verb:set package 'irobot_create_ignition_sim' build argument 'cmake_args' from command line to 'None'
[0.623s] Level 5:colcon.colcon_core.verb:set package 'irobot_create_ignition_sim' build argument 'cmake_target' from command line to 'None'
[0.623s] Level 5:colcon.colcon_core.verb:set package 'irobot_create_ignition_sim' build argument 'cmake_target_skip_unavailable' from command line to 'False'
[0.623s] Level 5:colcon.colcon_core.verb:set package 'irobot_create_ignition_sim' build argument 'cmake_clean_cache' from command line to 'False'
[0.623s] Level 5:colcon.colcon_core.verb:set package 'irobot_create_ignition_sim' build argument 'cmake_clean_first' from command line to 'False'
[0.623s] Level 5:colcon.colcon_core.verb:set package 'irobot_create_ignition_sim' build argument 'cmake_force_configure' from command line to 'False'
[0.623s] Level 5:colcon.colcon_core.verb:set package 'irobot_create_ignition_sim' build argument 'ament_cmake_args' from command line to 'None'
[0.623s] Level 5:colcon.colcon_core.verb:set package 'irobot_create_ignition_sim' build argument 'catkin_cmake_args' from command line to 'None'
[0.623s] Level 5:colcon.colcon_core.verb:set package 'irobot_create_ignition_sim' build argument 'catkin_skip_building_tests' from command line to 'False'
[0.623s] DEBUG:colcon.colcon_core.verb:Building package 'irobot_create_ignition_sim' with the following arguments: {'ament_cmake_args': None, 'build_base': '/home/alex/Programming/ROS2/Ingenia/Gazebo-Simu/Simulation_ws/build/irobot_create_ignition_sim', 'catkin_cmake_args': None, 'catkin_skip_building_tests': False, 'cmake_args': None, 'cmake_clean_cache': False, 'cmake_clean_first': False, 'cmake_force_configure': False, 'cmake_target': None, 'cmake_target_skip_unavailable': False, 'install_base': '/home/alex/Programming/ROS2/Ingenia/Gazebo-Simu/Simulation_ws/install/irobot_create_ignition_sim', 'merge_install': False, 'path': '/home/alex/Programming/ROS2/Ingenia/Gazebo-Simu/Simulation_ws/src/create3_sim-main/irobot_create_ignition/irobot_create_ignition_sim', 'symlink_install': True, 'test_result_base': None}
[0.623s] INFO:colcon.colcon_core.executor:Executing jobs using 'parallel' executor
[0.624s] DEBUG:colcon.colcon_parallel_executor.executor.parallel:run_until_complete
[0.624s] INFO:colcon.colcon_ros.task.ament_cmake.build:Building ROS package in '/home/alex/Programming/ROS2/Ingenia/Gazebo-Simu/Simulation_ws/src/create3_sim-main/irobot_create_common/irobot_create_toolbox' with build type 'ament_cmake'
[0.625s] INFO:colcon.colcon_cmake.task.cmake.build:Building CMake package in '/home/alex/Programming/ROS2/Ingenia/Gazebo-Simu/Simulation_ws/src/create3_sim-main/irobot_create_common/irobot_create_toolbox'
[0.628s] INFO:colcon.colcon_core.plugin_system:Skipping extension 'colcon_core.shell.bat': Not used on non-Windows systems
[0.628s] INFO:colcon.colcon_core.shell:Skip shell extension 'powershell' for command environment: Not usable outside of PowerShell
[0.629s] DEBUG:colcon.colcon_core.shell:Skip shell extension 'dsv' for command environment
[0.632s] INFO:colcon.colcon_ros.task.ament_cmake.build:Building ROS package in '/home/alex/Programming/ROS2/Ingenia/Gazebo-Simu/Simulation_ws/src/create3_sim-main/irobot_create_common/irobot_create_control' with build type 'ament_cmake'
[0.632s] INFO:colcon.colcon_cmake.task.cmake.build:Building CMake package in '/home/alex/Programming/ROS2/Ingenia/Gazebo-Simu/Simulation_ws/src/create3_sim-main/irobot_create_common/irobot_create_control'
[0.632s] INFO:colcon.colcon_core.shell:Skip shell extension 'powershell' for command environment: Not usable outside of PowerShell
[0.632s] DEBUG:colcon.colcon_core.shell:Skip shell extension 'dsv' for command environment
[0.635s] INFO:colcon.colcon_ros.task.ament_cmake.build:Building ROS package in '/home/alex/Programming/ROS2/Ingenia/Gazebo-Simu/Simulation_ws/src/create3_sim-main/irobot_create_ignition/irobot_create_ignition_plugins' with build type 'ament_cmake'
[0.636s] INFO:colcon.colcon_cmake.task.cmake.build:Building CMake package in '/home/alex/Programming/ROS2/Ingenia/Gazebo-Simu/Simulation_ws/src/create3_sim-main/irobot_create_ignition/irobot_create_ignition_plugins'
[0.636s] INFO:colcon.colcon_core.shell:Skip shell extension 'powershell' for command environment: Not usable outside of PowerShell
[0.636s] DEBUG:colcon.colcon_core.shell:Skip shell extension 'dsv' for command environment
[0.643s] DEBUG:colcon.colcon_core.event_handler.log_command:Invoking command in '/home/alex/Programming/ROS2/Ingenia/Gazebo-Simu/Simulation_ws/build/irobot_create_toolbox': CMAKE_PREFIX_PATH=/opt/ros/humble /usr/bin/cmake --build /home/alex/Programming/ROS2/Ingenia/Gazebo-Simu/Simulation_ws/build/irobot_create_toolbox -- -j8 -l8
[0.651s] DEBUG:colcon.colcon_core.event_handler.log_command:Invoking command in '/home/alex/Programming/ROS2/Ingenia/Gazebo-Simu/Simulation_ws/build/irobot_create_control': CMAKE_PREFIX_PATH=/opt/ros/humble /usr/bin/cmake --build /home/alex/Programming/ROS2/Ingenia/Gazebo-Simu/Simulation_ws/build/irobot_create_control -- -j8 -l8
[0.657s] DEBUG:colcon.colcon_core.event_handler.log_command:Invoking command in '/home/alex/Programming/ROS2/Ingenia/Gazebo-Simu/Simulation_ws/build/irobot_create_ignition_plugins': CMAKE_PREFIX_PATH=/opt/ros/humble /usr/bin/cmake --build /home/alex/Programming/ROS2/Ingenia/Gazebo-Simu/Simulation_ws/build/irobot_create_ignition_plugins -- -j8 -l8
[0.687s] DEBUG:colcon.colcon_core.event_handler.log_command:Invoked command in '/home/alex/Programming/ROS2/Ingenia/Gazebo-Simu/Simulation_ws/build/irobot_create_control' returned '2': CMAKE_PREFIX_PATH=/opt/ros/humble /usr/bin/cmake --build /home/alex/Programming/ROS2/Ingenia/Gazebo-Simu/Simulation_ws/build/irobot_create_control -- -j8 -l8
[0.689s] DEBUG:colcon.colcon_core.event_handler.log_command:Invoked command in '/home/alex/Programming/ROS2/Ingenia/Gazebo-Simu/Simulation_ws/build/irobot_create_toolbox' returned '2': CMAKE_PREFIX_PATH=/opt/ros/humble /usr/bin/cmake --build /home/alex/Programming/ROS2/Ingenia/Gazebo-Simu/Simulation_ws/build/irobot_create_toolbox -- -j8 -l8
[0.691s] DEBUG:colcon.colcon_core.event_handler.log_command:Invoked command in '/home/alex/Programming/ROS2/Ingenia/Gazebo-Simu/Simulation_ws/build/irobot_create_ignition_plugins' returned '2': CMAKE_PREFIX_PATH=/opt/ros/humble /usr/bin/cmake --build /home/alex/Programming/ROS2/Ingenia/Gazebo-Simu/Simulation_ws/build/irobot_create_ignition_plugins -- -j8 -l8
[0.713s] Level 1:colcon.colcon_core.environment:create_environment_scripts_only(irobot_create_control)
[0.719s] Level 1:colcon.colcon_core.environment:checking '/home/alex/Programming/ROS2/Ingenia/Gazebo-Simu/Simulation_ws/install/irobot_create_control' for CMake module files
[0.720s] Level 1:colcon.colcon_core.environment:checking '/home/alex/Programming/ROS2/Ingenia/Gazebo-Simu/Simulation_ws/install/irobot_create_control' for CMake config files
[0.720s] Level 1:colcon.colcon_core.shell:create_environment_hook('irobot_create_control', 'cmake_prefix_path')
[0.721s] INFO:colcon.colcon_core.shell:Creating environment hook '/home/alex/Programming/ROS2/Ingenia/Gazebo-Simu/Simulation_ws/install/irobot_create_control/share/irobot_create_control/hook/cmake_prefix_path.ps1'
[0.721s] INFO:colcon.colcon_core.shell:Creating environment descriptor '/home/alex/Programming/ROS2/Ingenia/Gazebo-Simu/Simulation_ws/install/irobot_create_control/share/irobot_create_control/hook/cmake_prefix_path.dsv'
[0.722s] INFO:colcon.colcon_core.shell:Creating environment hook '/home/alex/Programming/ROS2/Ingenia/Gazebo-Simu/Simulation_ws/install/irobot_create_control/share/irobot_create_control/hook/cmake_prefix_path.sh'
[0.723s] Level 1:colcon.colcon_core.environment:checking '/home/alex/Programming/ROS2/Ingenia/Gazebo-Simu/Simulation_ws/install/irobot_create_control/bin'
[0.723s] Level 1:colcon.colcon_core.environment:checking '/home/alex/Programming/ROS2/Ingenia/Gazebo-Simu/Simulation_ws/install/irobot_create_control/lib/pkgconfig/irobot_create_control.pc'
[0.724s] Level 1:colcon.colcon_core.environment:checking '/home/alex/Programming/ROS2/Ingenia/Gazebo-Simu/Simulation_ws/install/irobot_create_control/lib/python3.10/site-packages'
[0.724s] Level 1:colcon.colcon_core.environment:checking '/home/alex/Programming/ROS2/Ingenia/Gazebo-Simu/Simulation_ws/install/irobot_create_control/bin'
[0.724s] INFO:colcon.colcon_core.shell:Creating package script '/home/alex/Programming/ROS2/Ingenia/Gazebo-Simu/Simulation_ws/install/irobot_create_control/share/irobot_create_control/package.ps1'
[0.725s] INFO:colcon.colcon_core.shell:Creating package descriptor '/home/alex/Programming/ROS2/Ingenia/Gazebo-Simu/Simulation_ws/install/irobot_create_control/share/irobot_create_control/package.dsv'
[0.726s] INFO:colcon.colcon_core.shell:Creating package script '/home/alex/Programming/ROS2/Ingenia/Gazebo-Simu/Simulation_ws/install/irobot_create_control/share/irobot_create_control/package.sh'
[0.727s] INFO:colcon.colcon_core.shell:Creating package script '/home/alex/Programming/ROS2/Ingenia/Gazebo-Simu/Simulation_ws/install/irobot_create_control/share/irobot_create_control/package.bash'
[0.728s] INFO:colcon.colcon_core.shell:Creating package script '/home/alex/Programming/ROS2/Ingenia/Gazebo-Simu/Simulation_ws/install/irobot_create_control/share/irobot_create_control/package.zsh'
[0.730s] Level 1:colcon.colcon_core.environment:create_file_with_runtime_dependencies(/home/alex/Programming/ROS2/Ingenia/Gazebo-Simu/Simulation_ws/install/irobot_create_control/share/colcon-core/packages/irobot_create_control)
[0.741s] DEBUG:colcon.colcon_parallel_executor.executor.parallel:closing loop
[0.741s] DEBUG:colcon.colcon_parallel_executor.executor.parallel:loop closed
[0.742s] DEBUG:colcon.colcon_parallel_executor.executor.parallel:run_until_complete finished with '2'
[0.742s] DEBUG:colcon.colcon_core.event_reactor:joining thread
[0.749s] INFO:colcon.colcon_core.plugin_system:Skipping extension 'colcon_notification.desktop_notification.terminal_notifier': Not used on non-Darwin systems
[0.749s] INFO:colcon.colcon_core.plugin_system:Skipping extension 'colcon_notification.desktop_notification.win32': Not used on non-Windows systems
[0.749s] INFO:colcon.colcon_notification.desktop_notification:Sending desktop notification using 'notify2'
[0.765s] DEBUG:colcon.colcon_core.event_reactor:joined thread
[0.765s] INFO:colcon.colcon_core.shell:Creating prefix script '/home/alex/Programming/ROS2/Ingenia/Gazebo-Simu/Simulation_ws/install/local_setup.ps1'
[0.766s] INFO:colcon.colcon_core.shell:Creating prefix util module '/home/alex/Programming/ROS2/Ingenia/Gazebo-Simu/Simulation_ws/install/_local_setup_util_ps1.py'
[0.768s] INFO:colcon.colcon_core.shell:Creating prefix chain script '/home/alex/Programming/ROS2/Ingenia/Gazebo-Simu/Simulation_ws/install/setup.ps1'
[0.769s] INFO:colcon.colcon_core.shell:Creating prefix script '/home/alex/Programming/ROS2/Ingenia/Gazebo-Simu/Simulation_ws/install/local_setup.sh'
[0.770s] INFO:colcon.colcon_core.shell:Creating prefix util module '/home/alex/Programming/ROS2/Ingenia/Gazebo-Simu/Simulation_ws/install/_local_setup_util_sh.py'
[0.771s] INFO:colcon.colcon_core.shell:Creating prefix chain script '/home/alex/Programming/ROS2/Ingenia/Gazebo-Simu/Simulation_ws/install/setup.sh'
[0.776s] INFO:colcon.colcon_core.shell:Creating prefix script '/home/alex/Programming/ROS2/Ingenia/Gazebo-Simu/Simulation_ws/install/local_setup.bash'
[0.777s] INFO:colcon.colcon_core.shell:Creating prefix chain script '/home/alex/Programming/ROS2/Ingenia/Gazebo-Simu/Simulation_ws/install/setup.bash'
[0.778s] INFO:colcon.colcon_core.shell:Creating prefix script '/home/alex/Programming/ROS2/Ingenia/Gazebo-Simu/Simulation_ws/install/local_setup.zsh'
[0.779s] INFO:colcon.colcon_core.shell:Creating prefix chain script '/home/alex/Programming/ROS2/Ingenia/Gazebo-Simu/Simulation_ws/install/setup.zsh'
