[  2%] [32mBuilding CXX object CMakeFiles/motion_control_lib.dir/src/motion_control_node.cpp.o[0m
[ 13%] Built target hazards_vector_publisher
[ 18%] Built target ir_intensity_vector_publisher
[ 24%] Built target motion_control
[ 13%] Built target wheel_status_publisher
[ 29%] Built target ir_intensity_publisher_lib
[ 37%] Built target hazard_publisher_lib
[ 40%] Built target wheel_status_publisher_lib
[ 43%] [32mBuilding CXX object CMakeFiles/motion_control_lib.dir/src/motion_control/docking_behavior.cpp.o[0m
[ 45%] [32mBuilding CXX object CMakeFiles/ui_mgr_lib.dir/src/ui_mgr.cpp.o[0m
[ 48%] [32mBuilding CXX object CMakeFiles/ui_mgr.dir/rclcpp_components/node_main_ui_mgr.cpp.o[0m
[ 51%] [32mBuilding CXX object CMakeFiles/robot_state_lib.dir/src/robot_state.cpp.o[0m
[ 54%] [32mBuilding CXX object CMakeFiles/mock_publisher.dir/rclcpp_components/node_main_mock_publisher.cpp.o[0m
[ 59%] Built target robot_state
[ 62%] [32mBuilding CXX object CMakeFiles/mock_publisher_lib.dir/src/mock_publisher.cpp.o[0m
[ 64%] [32mBuilding CXX object CMakeFiles/kidnap_estimator_publisher_lib.dir/src/kidnap_estimator_publisher.cpp.o[0m
[ 67%] [32m[1mLinking CXX executable ui_mgr[0m
[ 67%] Built target ui_mgr
[ 70%] [32mBuilding CXX object CMakeFiles/kidnap_estimator_publisher.dir/rclcpp_components/node_main_kidnap_estimator_publisher.cpp.o[0m
[ 72%] [32m[1mLinking CXX executable mock_publisher[0m
[ 72%] Built target mock_publisher
[ 75%] [32mBuilding CXX object CMakeFiles/motion_control_lib.dir/src/motion_control/reflex_behavior.cpp.o[0m
[ 78%] [32m[1mLinking CXX shared library libmock_publisher_lib.so[0m
[ 78%] Built target mock_publisher_lib
[ 81%] [32mBuilding CXX object CMakeFiles/motion_control_lib.dir/src/motion_control/wall_follow_behavior.cpp.o[0m
