[0.013s] Invoking command in '/home/alex/Programming/ROS2/Ingenia/Gazebo-Simu/Simulation_ws/build/irobot_create_nodes': AMENT_PREFIX_PATH=/home/alex/Programming/ROS2/Ingenia/Gazebo-Simu/Simulation_ws/install/irobot_create_toolbox:${AMENT_PREFIX_PATH} CMAKE_PREFIX_PATH=/home/alex/Programming/ROS2/Ingenia/Gazebo-Simu/Simulation_ws/install/irobot_create_toolbox:/opt/ros/humble LD_LIBRARY_PATH=/home/alex/Programming/ROS2/Ingenia/Gazebo-Simu/Simulation_ws/install/irobot_create_toolbox/lib:${LD_LIBRARY_PATH} /usr/bin/cmake --build /home/alex/Programming/ROS2/Ingenia/Gazebo-Simu/Simulation_ws/build/irobot_create_nodes -- -j8 -l8
[0.124s] [  2%] [32mBuilding CXX object CMakeFiles/motion_control_lib.dir/src/motion_control_node.cpp.o[0m
[0.126s] [ 13%] Built target hazards_vector_publisher
[0.127s] [ 18%] Built target ir_intensity_vector_publisher
[0.127s] [ 24%] Built target motion_control
[0.127s] [ 13%] Built target wheel_status_publisher
[0.130s] [ 29%] Built target ir_intensity_publisher_lib
[0.131s] [ 37%] Built target hazard_publisher_lib
[0.132s] [ 40%] Built target wheel_status_publisher_lib
[0.144s] [ 43%] [32mBuilding CXX object CMakeFiles/motion_control_lib.dir/src/motion_control/docking_behavior.cpp.o[0m
[0.170s] [ 45%] [32mBuilding CXX object CMakeFiles/ui_mgr_lib.dir/src/ui_mgr.cpp.o[0m
[0.170s] [ 48%] [32mBuilding CXX object CMakeFiles/ui_mgr.dir/rclcpp_components/node_main_ui_mgr.cpp.o[0m
[0.170s] [ 51%] [32mBuilding CXX object CMakeFiles/robot_state_lib.dir/src/robot_state.cpp.o[0m
[0.176s] [ 54%] [32mBuilding CXX object CMakeFiles/mock_publisher.dir/rclcpp_components/node_main_mock_publisher.cpp.o[0m
[0.181s] [ 59%] Built target robot_state
[0.186s] [ 62%] [32mBuilding CXX object CMakeFiles/mock_publisher_lib.dir/src/mock_publisher.cpp.o[0m
[0.237s] [ 64%] [32mBuilding CXX object CMakeFiles/kidnap_estimator_publisher_lib.dir/src/kidnap_estimator_publisher.cpp.o[0m
[15.075s] [ 67%] [32m[1mLinking CXX executable ui_mgr[0m
[16.162s] [ 67%] Built target ui_mgr
[16.502s] [ 70%] [32mBuilding CXX object CMakeFiles/kidnap_estimator_publisher.dir/rclcpp_components/node_main_kidnap_estimator_publisher.cpp.o[0m
[17.137s] [ 72%] [32m[1mLinking CXX executable mock_publisher[0m
[17.849s] [ 72%] Built target mock_publisher
[17.942s] [ 75%] [32mBuilding CXX object CMakeFiles/motion_control_lib.dir/src/motion_control/reflex_behavior.cpp.o[0m
[21.420s] [ 78%] [32m[1mLinking CXX shared library libmock_publisher_lib.so[0m
[23.971s] [ 78%] Built target mock_publisher_lib
[24.038s] [ 81%] [32mBuilding CXX object CMakeFiles/motion_control_lib.dir/src/motion_control/wall_follow_behavior.cpp.o[0m
