[  2%] [32mBuilding CXX object CMakeFiles/hazard_publisher_lib.dir/src/hazards_vector_publisher.cpp.o[0m
[  5%] [32mBuilding CXX object CMakeFiles/motion_control.dir/rclcpp_components/node_main_motion_control.cpp.o[0m
[  8%] [32mBuilding CXX object CMakeFiles/motion_control_lib.dir/src/motion_control_node.cpp.o[0m
[ 10%] [32mBuilding CXX object CMakeFiles/hazards_vector_publisher.dir/rclcpp_components/node_main_hazards_vector_publisher.cpp.o[0m
[ 13%] [32mBuilding CXX object CMakeFiles/ir_intensity_publisher_lib.dir/src/ir_intensity_vector_publisher.cpp.o[0m
[ 18%] [32mBuilding CXX object CMakeFiles/ir_intensity_vector_publisher.dir/rclcpp_components/node_main_ir_intensity_vector_publisher.cpp.o[0m
[ 18%] [32mBuilding CXX object CMakeFiles/wheel_status_publisher.dir/rclcpp_components/node_main_wheel_status_publisher.cpp.o[0m
[ 21%] [32mBuilding CXX object CMakeFiles/wheel_status_publisher_lib.dir/src/wheels_publisher.cpp.o[0m
[ 24%] [32m[1mLinking CXX executable ir_intensity_vector_publisher[0m
[ 27%] [32m[1mLinking CXX executable motion_control[0m
[ 27%] Built target ir_intensity_vector_publisher
[ 27%] Built target motion_control
[ 29%] [32mBuilding CXX object CMakeFiles/motion_control_lib.dir/src/motion_control/docking_behavior.cpp.o[0m
[ 32%] [32mBuilding CXX object CMakeFiles/robot_state_lib.dir/src/robot_state.cpp.o[0m
[ 35%] [32m[1mLinking CXX executable wheel_status_publisher[0m
[ 35%] Built target wheel_status_publisher
[ 37%] [32mBuilding CXX object CMakeFiles/motion_control_lib.dir/src/motion_control/drive_goal_behaviors.cpp.o[0m
[ 40%] [32m[1mLinking CXX executable hazards_vector_publisher[0m
[ 40%] Built target hazards_vector_publisher
[ 43%] [32mBuilding CXX object CMakeFiles/robot_state.dir/rclcpp_components/node_main_robot_state.cpp.o[0m
[ 45%] [32m[1mLinking CXX executable robot_state[0m
[ 45%] Built target robot_state
[ 48%] [32mBuilding CXX object CMakeFiles/ui_mgr_lib.dir/src/ui_mgr.cpp.o[0m
[ 51%] [32m[1mLinking CXX shared library libir_intensity_publisher_lib.so[0m
[ 51%] Built target ir_intensity_publisher_lib
[ 54%] [32mBuilding CXX object CMakeFiles/motion_control_lib.dir/src/motion_control/reflex_behavior.cpp.o[0m
[ 56%] [32m[1mLinking CXX shared library libhazard_publisher_lib.so[0m
[ 56%] Built target hazard_publisher_lib
[ 59%] [32mBuilding CXX object CMakeFiles/motion_control_lib.dir/src/motion_control/wall_follow_behavior.cpp.o[0m
[ 62%] [32mBuilding CXX object CMakeFiles/ui_mgr.dir/rclcpp_components/node_main_ui_mgr.cpp.o[0m
[ 64%] [32m[1mLinking CXX shared library libwheel_status_publisher_lib.so[0m
[ 64%] Built target wheel_status_publisher_lib
