[0.015s] Invoking command in '/home/alex/Programming/ROS2/Ingenia/Gazebo-Simu/Simulation_ws/build/irobot_create_nodes': AMENT_PREFIX_PATH=/home/alex/Programming/ROS2/Ingenia/Gazebo-Simu/Simulation_ws/install/irobot_create_toolbox:${AMENT_PREFIX_PATH} CMAKE_PREFIX_PATH=/home/alex/Programming/ROS2/Ingenia/Gazebo-Simu/Simulation_ws/install/irobot_create_toolbox:/opt/ros/humble LD_LIBRARY_PATH=/home/alex/Programming/ROS2/Ingenia/Gazebo-Simu/Simulation_ws/install/irobot_create_toolbox/lib:${LD_LIBRARY_PATH} /usr/bin/cmake --build /home/alex/Programming/ROS2/Ingenia/Gazebo-Simu/Simulation_ws/build/irobot_create_nodes -- -j8 -l8
[0.111s] [  2%] [32mBuilding CXX object CMakeFiles/hazard_publisher_lib.dir/src/hazards_vector_publisher.cpp.o[0m
[0.113s] [  5%] [32mBuilding CXX object CMakeFiles/motion_control.dir/rclcpp_components/node_main_motion_control.cpp.o[0m
[0.115s] [  8%] [32mBuilding CXX object CMakeFiles/motion_control_lib.dir/src/motion_control_node.cpp.o[0m
[0.117s] [ 10%] [32mBuilding CXX object CMakeFiles/hazards_vector_publisher.dir/rclcpp_components/node_main_hazards_vector_publisher.cpp.o[0m
[0.128s] [ 13%] [32mBuilding CXX object CMakeFiles/ir_intensity_publisher_lib.dir/src/ir_intensity_vector_publisher.cpp.o[0m
[0.132s] [ 18%] [32mBuilding CXX object CMakeFiles/ir_intensity_vector_publisher.dir/rclcpp_components/node_main_ir_intensity_vector_publisher.cpp.o[0m
[0.132s] [ 18%] [32mBuilding CXX object CMakeFiles/wheel_status_publisher.dir/rclcpp_components/node_main_wheel_status_publisher.cpp.o[0m
[0.141s] [ 21%] [32mBuilding CXX object CMakeFiles/wheel_status_publisher_lib.dir/src/wheels_publisher.cpp.o[0m
[9.906s] [ 24%] [32m[1mLinking CXX executable ir_intensity_vector_publisher[0m
[10.280s] [ 27%] [32m[1mLinking CXX executable motion_control[0m
[10.786s] [ 27%] Built target ir_intensity_vector_publisher
[10.808s] [ 27%] Built target motion_control
[10.842s] [ 29%] [32mBuilding CXX object CMakeFiles/motion_control_lib.dir/src/motion_control/docking_behavior.cpp.o[0m
[10.905s] [ 32%] [32mBuilding CXX object CMakeFiles/robot_state_lib.dir/src/robot_state.cpp.o[0m
[11.093s] [ 35%] [32m[1mLinking CXX executable wheel_status_publisher[0m
[11.768s] [ 35%] Built target wheel_status_publisher
[11.830s] [ 37%] [32mBuilding CXX object CMakeFiles/motion_control_lib.dir/src/motion_control/drive_goal_behaviors.cpp.o[0m
[11.851s] [ 40%] [32m[1mLinking CXX executable hazards_vector_publisher[0m
[12.357s] [ 40%] Built target hazards_vector_publisher
[12.542s] [ 43%] [32mBuilding CXX object CMakeFiles/robot_state.dir/rclcpp_components/node_main_robot_state.cpp.o[0m
[23.454s] [ 45%] [32m[1mLinking CXX executable robot_state[0m
[23.982s] [ 45%] Built target robot_state
[24.125s] [ 48%] [32mBuilding CXX object CMakeFiles/ui_mgr_lib.dir/src/ui_mgr.cpp.o[0m
[25.323s] [ 51%] [32m[1mLinking CXX shared library libir_intensity_publisher_lib.so[0m
[29.545s] [ 51%] Built target ir_intensity_publisher_lib
[29.608s] [ 54%] [32mBuilding CXX object CMakeFiles/motion_control_lib.dir/src/motion_control/reflex_behavior.cpp.o[0m
[31.063s] [ 56%] [32m[1mLinking CXX shared library libhazard_publisher_lib.so[0m
[36.814s] [ 56%] Built target hazard_publisher_lib
[36.958s] [ 59%] [32mBuilding CXX object CMakeFiles/motion_control_lib.dir/src/motion_control/wall_follow_behavior.cpp.o[0m
[37.135s] [ 62%] [32mBuilding CXX object CMakeFiles/ui_mgr.dir/rclcpp_components/node_main_ui_mgr.cpp.o[0m
[37.642s] [ 64%] [32m[1mLinking CXX shared library libwheel_status_publisher_lib.so[0m
[42.765s] [ 64%] Built target wheel_status_publisher_lib
